/home/jhar131/TESTING/einsteintoolkit/2012-05-28-020001/Cactus/TEST/sim/RotatingSymmetry180
--------------------------------------------------------------------------------

       10                                  
  1   0101       ************************  
  01  1010 10      The Cactus Code V4.0    
 1010 1101 011      www.cactuscode.org     
  1001 100101    ************************  
    00010101                               
     100011     (c) Copyright The Authors  
      0100      GNU Licensed. No Warranty  
      0101                                 

--------------------------------------------------------------------------------

Cactus version:    4.0.1
Compile date:      May 28 2012 (02:48:44)
Run date:          May 28 2012 (03:17:22-0500)
Run host:          numrel07.cct.lsu.edu (pid=13132)
Working directory: /home/jhar131/TESTING/einsteintoolkit/2012-05-28-020001/Cactus/TEST/sim/RotatingSymmetry180
Executable:        /home/jhar131/TESTING/einsteintoolkit/2012-05-28-020001/Cactus/exe/cactus_sim
Parameter file:    /home/jhar131/TESTING/einsteintoolkit/2012-05-28-020001/Cactus/arrangements/CactusNumerical/RotatingSymmetry180/test/Kerr-rotating-180-staggered.par
--------------------------------------------------------------------------------

Activating thorn Cactus...Success -> active implementation Cactus
Activation requested for 
--->InitBase<---
Activating thorn InitBase...Success -> active implementation InitBase
Activation requested for 
--->Slab<---
Activating thorn Slab...Success -> active implementation Slab
Activation requested for 
--->IOUtil<---
Activating thorn IOUtil...Success -> active implementation IO
Activation requested for 
--->PUGH PUGHReduce PUGHSlab<---
Activating thorn PUGH...Success -> active implementation Driver
Activating thorn PUGHReduce...Success -> active implementation Reduce
Activating thorn PUGHSlab...Success -> active implementation Hyperslab
Activation requested for 
--->NaNChecker<---
Activating thorn NaNChecker...Success -> active implementation NaNChecker
Activation requested for 
--->Boundary CartGrid3D CoordBase SymBase ReflectionSymmetry<---
Activating thorn Boundary...Success -> active implementation boundary
Activating thorn CartGrid3D...Success -> active implementation grid
Activating thorn CoordBase...Success -> active implementation CoordBase
Activating thorn ReflectionSymmetry...Success -> active implementation ReflectionSymmetry
Activating thorn SymBase...Success -> active implementation SymBase
Activation requested for 
--->RotatingSymmetry180<---
Activating thorn RotatingSymmetry180...Success -> active implementation RotatingSymmetry180
Activation requested for 
--->ADMBase ADMCoupling ADMMacros CoordGauge SpaceMask StaticConformal<---
Activating thorn ADMBase...Success -> active implementation ADMBase
Activating thorn ADMCoupling...Success -> active implementation ADMCoupling
Activating thorn ADMMacros...Success -> active implementation ADMMacros
Activating thorn CoordGauge...Success -> active implementation CoordGauge
Activating thorn SpaceMask...Success -> active implementation SpaceMask
Activating thorn StaticConformal...Success -> active implementation StaticConformal
Activation requested for 
--->Exact<---
Activating thorn Exact...Success -> active implementation exact
Activation requested for 
--->NoExcision SphericalSurface LoopControl<---
Activating thorn LoopControl...Success -> active implementation LoopControl
Activating thorn NoExcision...Success -> active implementation NoExcision
Activating thorn SphericalSurface...Success -> active implementation SphericalSurface
Activation requested for 
--->Time<---
Activating thorn Time...Success -> active implementation time
Activation requested for 
--->MoL<---
Activating thorn MoL...Success -> active implementation MethodOfLines
Activation requested for 
--->ML_BSSN ML_BSSN_Helper GenericFD NewRad TmunuBase LoopControl<---
Warning: thorn LoopControl already active
Activating thorn GenericFD...Success -> active implementation GenericFD
Activating thorn ML_BSSN...Success -> active implementation ML_BSSN
Activating thorn ML_BSSN_Helper...Success -> active implementation ML_BSSN_Helper
Activating thorn NewRad...Success -> active implementation NewRad
Activating thorn TmunuBase...Success -> active implementation TmunuBase
Activation requested for 
--->ADMConstraints<---
Activating thorn ADMConstraints...Success -> active implementation admconstraints
Activation requested for 
--->IOBasic LocalReduce<---
Activating thorn IOBasic...Success -> active implementation IOBasic
Activating thorn LocalReduce...Success -> active implementation LocalReduce
Activation requested for 
--->IOASCII<---
Activating thorn IOASCII...Success -> active implementation IOASCII
--------------------------------------------------------------------------------
  if (recover initial data)
    Recover parameters
  endif

  Startup routines
    [CCTK_STARTUP]
      CartGrid3D::SymmetryStartup: Register GH Extension for GridSymmetry
      CoordBase::CoordBase_Startup: Register a GH extension to store the coordinate system handles
      ML_BSSN_Helper::ML_BSSN_SetGroupTags: [meta] Set checkpointing and prolongation group tags
      PUGH::Driver_Startup: Startup routine
      IOUtil::IOUtil_Startup: Startup routine
      LocalReduce::LocalReduce_Startup: Startup routine
      LoopControl::lc_check_type_sizes: [meta] Check that sizes of control structures are identical in C and Fortran
      ML_BSSN::ML_BSSN_Startup: [meta] create banner
      ML_BSSN_Helper::ML_BSSN_RegisterSlicing: [meta] Register slicing
      IOASCII::IOASCII_Startup: Startup routine
      MoL::MoL_Startup: Startup banner
      IOBasic::IOBasic_Startup: Startup routine
      PUGH::PUGH_RegisterPUGHP2LRoutines: Register Physical to Logical process mapping routines
      PUGH::PUGH_RegisterPUGHTopologyRoutines: Register topology generation routines routines
      PUGHReduce::PUGHReduce_Startup: Startup routine
      Slab::Slab_InitMPIDatatypes: Create MPI datatypes for complex variables in C
      SymBase::SymBase_Startup: Register GH Extension for SymBase

  Startup routines which need an existing grid hierarchy
    [CCTK_WRAGH]
      ADMBase::Einstein_InitSymBound: [global] Set up GF symmetries
      ADMConstraints::ADMConstraint_InitSymBound: [global] Register GF symmetries for ADM Constraints
      Boundary::Boundary_RegisterBCs: [global] Register boundary conditions that this thorn provides
      CartGrid3D::RegisterCartGrid3DCoords: [meta] Register coordinates for the Cartesian grid
      CoordGauge::Einstein_ActivateSlicing: Initialize slicing, setup priorities for mixed slicings
      CoordGauge::Einstein_SetNextSlicing: Identify the slicing for the next iteration
      MoL::MoL_SetupIndexArrays: Set up the MoL bookkeeping index arrays
      MoL::MoL_SetScheduleStatus: [global] Set the flag so it is ok to register with MoL
      GROUP MoL_Register: The group where physics thorns register variables with MoL
        ML_BSSN::ML_BSSN_RegisterVars: [meta] Register Variables for MoL
        ML_BSSN_Helper::ML_BSSN_RegisterConstrained: [meta] Register ADMBase variables as constrained
      MoL::MoL_ReportNumberVariables: [meta] Report how many of each type of variable there are
      Slab::Slab_InitTimers: Initialise timers
      SpaceMask::MaskSym: [global] Set grid symmetries for mask
      SpaceMask::MaskSym_emask: [global] Set grid symmetries for emask (compatibility mode)
      GROUP SymBase_Wrapper: Wrapper group for SymBase
        GROUP SymmetryRegister: Register your symmetries here
          CartGrid3D::RegisterSymmetryBoundaries: [meta] Register symmetry boundaries
          ML_BSSN::ML_BSSN_RegisterSymmetries: [meta] register symmetries
          ReflectionSymmetry::ReflectionSymmetry_Register: Register reflection symmetry boundaries
          RotatingSymmetry180::Rot180_RegisterSymmetry: Register symmetry boundaries
        SymBase::SymBase_Statistics: Print symmetry boundary face descriptions
  Parameter checking routines
    [CCTK_PARAMCHECK]
      ADMBase::ADMBase_ParamCheck: [global] Check consistency of parameters
      ADMConstraints::ADMConstraints_ParamCheck: [global] Check that we can deal with this metric_type and have enough conformal derivatives
      Boundary::Boundary_Check: Check dimension of grid variables
      CartGrid3D::ParamCheck_CartGrid3D: Check coordinates for CartGrid3D
      Exact::Exact_ParamCheck: [global] do consistency checks on our parameters
      MoL::MoL_ParamCheck: Basic parameter checking
      RotatingSymmetry180::Rot180_CheckTensorTypes: Check tensor type definitions for consistency

  Initialisation
    if (NOT (recover initial data AND recovery_mode is 'strict'))
      [CCTK_PREREGRIDINITIAL]
      Set up grid hierarchy
      [CCTK_POSTREGRIDINITIAL]
        CartGrid3D::SpatialCoordinates: Set Coordinates after regridding
        GROUP MoL_PseudoEvolutionBoundaries: Apply boundary conditions to pseudo-evolved quantities
          GROUP ML_BSSN_constraints1_bc_group: ML_BSSN_constraints1
            ML_BSSN::ML_BSSN_constraints1_SelectBCs: [level] ML_BSSN_constraints1_SelectBCs
            GROUP ML_BSSN_constraints1_ApplyBCs: Apply BCs for groups set in ML_BSSN_constraints1
              GROUP BoundaryConditions: Execute all boundary conditions
                Boundary::Boundary_ApplyPhysicalBCs: Apply all requested local physical boundary conditions
                CartGrid3D::CartGrid3D_ApplyBC: Apply symmetry boundary conditions
                ReflectionSymmetry::ReflectionSymmetry_Apply: Apply reflection symmetries
                RotatingSymmetry180::Rot180_ApplyBC: Apply 180 degree rotational symmetry boundary condition
              Boundary::Boundary_ClearSelection: [level] Unselect all grid variables for boundary conditions
          GROUP ML_BSSN_constraints2_bc_group: ML_BSSN_constraints2
            ML_BSSN::ML_BSSN_constraints2_SelectBCs: [level] ML_BSSN_constraints2_SelectBCs
            GROUP ML_BSSN_constraints2_ApplyBCs: Apply BCs for groups set in ML_BSSN_constraints2
              GROUP BoundaryConditions: Execute all boundary conditions
                Boundary::Boundary_ApplyPhysicalBCs: Apply all requested local physical boundary conditions
                CartGrid3D::CartGrid3D_ApplyBC: Apply symmetry boundary conditions
                ReflectionSymmetry::ReflectionSymmetry_Apply: Apply reflection symmetries
                RotatingSymmetry180::Rot180_ApplyBC: Apply 180 degree rotational symmetry boundary condition
              Boundary::Boundary_ClearSelection: [level] Unselect all grid variables for boundary conditions
        SpaceMask::MaskZero: Initialise mask to zero
        SpaceMask::MaskOne: Set mask to one
      [CCTK_BASEGRID]
        ADMBase::ADMBase_SetShiftStateOn: Set the shift_state variable to 1
        ADMBase::ADMBase_SetDtLapseStateOn: Set the dtlapse_state variable to 1
        ADMBase::ADMBase_SetDtShiftStateOn: Set the dtshift_state variable to 1
        ADMMacros::ADMMacros_SetLocalSpatialOrder: Initialize the local_spatial_order
        CartGrid3D::CartGrid3D_SetRanges: Set up ranges for spatial 3D Cartesian coordinates (on all grids)
        CartGrid3D::SpatialCoordinates: Set up spatial 3D Cartesian coordinates on the GH
        IOASCII::IOASCII_Choose1D: Choose 1D output lines
        IOASCII::IOASCII_Choose2D: Choose 2D output planes
        ML_BSSN::ML_BSSN_CheckBoundaries: [meta] check boundaries treatment
        PUGH::PUGH_Report: Report on PUGH set up
        SpaceMask::MaskZero: Initialise mask to zero
        SpaceMask::MaskOne: Set old style mask to one
        SphericalSurface::SphericalSurface_SetupRes: [global] [loop-local] Set surface resolution automatically
        SphericalSurface::SphericalSurface_Setup: [global] Calculate surface coordinate descriptors
        SphericalSurface::SphericalSurface_Set: [global] Set surface radii to be used for initial setup in other thorns
        GROUP SphericalSurface_HasBeenSet: Set the spherical surfaces before this group, and use it afterwards
          SphericalSurface::SphericalSurface_CheckState: [global] Test the state of the spherical surfaces
        SymBase::SymBase_Check: Check whether the driver set up the grid consistently
        Time::Time_Initialise: [global] Initialise Time variables
        Time::Time_Simple: [singlemap] Set timestep based on Courant condition (courant_static)
        TmunuBase::TmunuBase_SetStressEnergyState: [global] Set the stress_energy_state variable
      [CCTK_INITIAL]
        StaticConformal::StaticConformal_InitialiseState: Set the conformal_state variable to 0
        GROUP ADMBase_InitialData: Schedule group for calculating ADM initial data
          Exact::Exact__decode_pars: decode/copy thorn Exact parameters into grid scalars
          Exact::Exact__initialize: Set initial data from exact solution on a trivial slice
        GROUP ADMBase_InitialGauge: Schedule group for the ADM initial gauge condition
          Exact::Exact__gauge: Set initial lapse and/or shift from exact solution on a trivial slice
        IOBasic::IOBasic_Init: Initialisation routine
        GROUP ADMBase_PostInitial: Schedule group for modifying the ADM initial data, such as e.g. adding noise
          NoExcision::NoExcision_Overwrite: Overwrite regions with Minkowski
        ML_BSSN::ML_BSSN_InitGamma: ML_BSSN_InitGamma
        ML_BSSN::ML_BSSN_convertFromADMBase: ML_BSSN_convertFromADMBase
        ML_BSSN::ML_BSSN_convertFromADMBaseGamma: ML_BSSN_convertFromADMBaseGamma
        MoL::MoL_StartLoop: [level] Initialise the step size control
        ML_BSSN_Helper::ML_BSSN_ExtrapolateGammas: Extrapolate Gammas and time derivatives of lapse and shift
      [CCTK_POSTINITIAL]
        ADMConstraints::ADMConstraints_ConformalCheck: Set conformal_state to 0 for physical, or check that it is at least 3
        GROUP MoL_PostStepModify: The group for physics thorns to schedule enforcing constraints
          ML_BSSN::ML_BSSN_enforce: ML_BSSN_enforce
        GROUP MoL_PostStep: Ensure that everything is correct after the initial data have been set up
          ML_BSSN::ML_BSSN_SelectBoundConds: [level] select boundary conditions
          GROUP ML_BSSN_ApplyBCs: Apply boundary conditions controlled by thorn Boundary
            GROUP BoundaryConditions: Execute all boundary conditions
              Boundary::Boundary_ApplyPhysicalBCs: Apply all requested local physical boundary conditions
              CartGrid3D::CartGrid3D_ApplyBC: Apply symmetry boundary conditions
              ReflectionSymmetry::ReflectionSymmetry_Apply: Apply reflection symmetries
              RotatingSymmetry180::Rot180_ApplyBC: Apply 180 degree rotational symmetry boundary condition
            Boundary::Boundary_ClearSelection: [level] Unselect all grid variables for boundary conditions
          GROUP ML_BSSN_convertToADMBaseGroupWrapper: Calculate ADM variables
            GROUP ML_BSSN_convertToADMBaseGroup: Calculate ADM variables
              ML_BSSN::ML_BSSN_convertToADMBase: ML_BSSN_convertToADMBase
              ML_BSSN::ML_BSSN_convertToADMBaseDtLapseShift: ML_BSSN_convertToADMBaseDtLapseShift
              ML_BSSN::ML_BSSN_convertToADMBaseDtLapseShiftBoundary: ML_BSSN_convertToADMBaseDtLapseShiftBoundary
            ML_BSSN_Helper::ML_BSSN_SelectBCsADMBase: [level] Select boundary conditions for ADMBase variables
            GROUP ML_BSSN_ApplyBCsADMBase: Apply boundary conditions to ADMBase variables
              GROUP BoundaryConditions: Execute all boundary conditions
                Boundary::Boundary_ApplyPhysicalBCs: Apply all requested local physical boundary conditions
                CartGrid3D::CartGrid3D_ApplyBC: Apply symmetry boundary conditions
                ReflectionSymmetry::ReflectionSymmetry_Apply: Apply reflection symmetries
                RotatingSymmetry180::Rot180_ApplyBC: Apply 180 degree rotational symmetry boundary condition
              Boundary::Boundary_ClearSelection: [level] Unselect all grid variables for boundary conditions
          GROUP ADMBase_SetADMVars: Set the ADM variables before this group, and use them afterwards
        GROUP MoL_PseudoEvolution: Calculate pseudo-evolved quantities
          GROUP ADMBase_SetADMVars: Set the ADM variables before this group, and use them afterwards
          GROUP ML_BSSN_constraints1_group: ML_BSSN_constraints1
            ML_BSSN::ML_BSSN_constraints1: ML_BSSN_constraints1
            GROUP ML_BSSN_constraints1_bc_group: ML_BSSN_constraints1
              ML_BSSN::ML_BSSN_constraints1_SelectBCs: [level] ML_BSSN_constraints1_SelectBCs
              GROUP ML_BSSN_constraints1_ApplyBCs: Apply BCs for groups set in ML_BSSN_constraints1
                GROUP BoundaryConditions: Execute all boundary conditions
                  Boundary::Boundary_ApplyPhysicalBCs: Apply all requested local physical boundary conditions
                  CartGrid3D::CartGrid3D_ApplyBC: Apply symmetry boundary conditions
                  ReflectionSymmetry::ReflectionSymmetry_Apply: Apply reflection symmetries
                  RotatingSymmetry180::Rot180_ApplyBC: Apply 180 degree rotational symmetry boundary condition
                Boundary::Boundary_ClearSelection: [level] Unselect all grid variables for boundary conditions
          GROUP ML_BSSN_constraints2_group: ML_BSSN_constraints2
            ML_BSSN::ML_BSSN_constraints2: ML_BSSN_constraints2
            GROUP ML_BSSN_constraints2_bc_group: ML_BSSN_constraints2
              ML_BSSN::ML_BSSN_constraints2_SelectBCs: [level] ML_BSSN_constraints2_SelectBCs
              GROUP ML_BSSN_constraints2_ApplyBCs: Apply BCs for groups set in ML_BSSN_constraints2
                GROUP BoundaryConditions: Execute all boundary conditions
                  Boundary::Boundary_ApplyPhysicalBCs: Apply all requested local physical boundary conditions
                  CartGrid3D::CartGrid3D_ApplyBC: Apply symmetry boundary conditions
                  ReflectionSymmetry::ReflectionSymmetry_Apply: Apply reflection symmetries
                  RotatingSymmetry180::Rot180_ApplyBC: Apply 180 degree rotational symmetry boundary condition
                Boundary::Boundary_ClearSelection: [level] Unselect all grid variables for boundary conditions
      Initialise finer grids recursively
      Restrict from finer grids
      [CCTK_POSTRESTRICTINITIAL]
        GROUP MoL_PostStep: Ensure that everything is correct after restriction
          ML_BSSN::ML_BSSN_SelectBoundConds: [level] select boundary conditions
          GROUP ML_BSSN_ApplyBCs: Apply boundary conditions controlled by thorn Boundary
            GROUP BoundaryConditions: Execute all boundary conditions
              Boundary::Boundary_ApplyPhysicalBCs: Apply all requested local physical boundary conditions
              CartGrid3D::CartGrid3D_ApplyBC: Apply symmetry boundary conditions
              ReflectionSymmetry::ReflectionSymmetry_Apply: Apply reflection symmetries
              RotatingSymmetry180::Rot180_ApplyBC: Apply 180 degree rotational symmetry boundary condition
            Boundary::Boundary_ClearSelection: [level] Unselect all grid variables for boundary conditions
          GROUP ML_BSSN_convertToADMBaseGroupWrapper: Calculate ADM variables
            GROUP ML_BSSN_convertToADMBaseGroup: Calculate ADM variables
              ML_BSSN::ML_BSSN_convertToADMBase: ML_BSSN_convertToADMBase
              ML_BSSN::ML_BSSN_convertToADMBaseDtLapseShift: ML_BSSN_convertToADMBaseDtLapseShift
              ML_BSSN::ML_BSSN_convertToADMBaseDtLapseShiftBoundary: ML_BSSN_convertToADMBaseDtLapseShiftBoundary
            ML_BSSN_Helper::ML_BSSN_SelectBCsADMBase: [level] Select boundary conditions for ADMBase variables
            GROUP ML_BSSN_ApplyBCsADMBase: Apply boundary conditions to ADMBase variables
              GROUP BoundaryConditions: Execute all boundary conditions
                Boundary::Boundary_ApplyPhysicalBCs: Apply all requested local physical boundary conditions
                CartGrid3D::CartGrid3D_ApplyBC: Apply symmetry boundary conditions
                ReflectionSymmetry::ReflectionSymmetry_Apply: Apply reflection symmetries
                RotatingSymmetry180::Rot180_ApplyBC: Apply 180 degree rotational symmetry boundary condition
              Boundary::Boundary_ClearSelection: [level] Unselect all grid variables for boundary conditions
          GROUP ADMBase_SetADMVars: Set the ADM variables before this group, and use them afterwards
        GROUP MoL_PseudoEvolutionBoundaries: Apply boundary conditions to pseudo-evolved quantities
          GROUP ML_BSSN_constraints1_bc_group: ML_BSSN_constraints1
            ML_BSSN::ML_BSSN_constraints1_SelectBCs: [level] ML_BSSN_constraints1_SelectBCs
            GROUP ML_BSSN_constraints1_ApplyBCs: Apply BCs for groups set in ML_BSSN_constraints1
              GROUP BoundaryConditions: Execute all boundary conditions
                Boundary::Boundary_ApplyPhysicalBCs: Apply all requested local physical boundary conditions
                CartGrid3D::CartGrid3D_ApplyBC: Apply symmetry boundary conditions
                ReflectionSymmetry::ReflectionSymmetry_Apply: Apply reflection symmetries
                RotatingSymmetry180::Rot180_ApplyBC: Apply 180 degree rotational symmetry boundary condition
              Boundary::Boundary_ClearSelection: [level] Unselect all grid variables for boundary conditions
          GROUP ML_BSSN_constraints2_bc_group: ML_BSSN_constraints2
            ML_BSSN::ML_BSSN_constraints2_SelectBCs: [level] ML_BSSN_constraints2_SelectBCs
            GROUP ML_BSSN_constraints2_ApplyBCs: Apply BCs for groups set in ML_BSSN_constraints2
              GROUP BoundaryConditions: Execute all boundary conditions
                Boundary::Boundary_ApplyPhysicalBCs: Apply all requested local physical boundary conditions
                CartGrid3D::CartGrid3D_ApplyBC: Apply symmetry boundary conditions
                ReflectionSymmetry::ReflectionSymmetry_Apply: Apply reflection symmetries
                RotatingSymmetry180::Rot180_ApplyBC: Apply 180 degree rotational symmetry boundary condition
              Boundary::Boundary_ClearSelection: [level] Unselect all grid variables for boundary conditions
      [CCTK_POSTPOSTINITIAL]
      [CCTK_POSTSTEP]
        SpaceMask::CheckMask: Ensure that all mask values are legal
        SphericalSurface::SphericalSurface_Set: [global] Set surface radii
        GROUP SphericalSurface_HasBeenSet: Set the spherical surfaces before this group, and use it afterwards
          SphericalSurface::SphericalSurface_CheckState: [global] Test the state of the spherical surfaces
    endif
    if (recover initial data)
      [CCTK_BASEGRID]
        ADMBase::ADMBase_SetShiftStateOn: Set the shift_state variable to 1
        ADMBase::ADMBase_SetDtLapseStateOn: Set the dtlapse_state variable to 1
        ADMBase::ADMBase_SetDtShiftStateOn: Set the dtshift_state variable to 1
        ADMMacros::ADMMacros_SetLocalSpatialOrder: Initialize the local_spatial_order
        CartGrid3D::CartGrid3D_SetRanges: Set up ranges for spatial 3D Cartesian coordinates (on all grids)
        CartGrid3D::SpatialCoordinates: Set up spatial 3D Cartesian coordinates on the GH
        IOASCII::IOASCII_Choose1D: Choose 1D output lines
        IOASCII::IOASCII_Choose2D: Choose 2D output planes
        ML_BSSN::ML_BSSN_CheckBoundaries: [meta] check boundaries treatment
        PUGH::PUGH_Report: Report on PUGH set up
        SpaceMask::MaskZero: Initialise mask to zero
        SpaceMask::MaskOne: Set old style mask to one
        SphericalSurface::SphericalSurface_SetupRes: [global] [loop-local] Set surface resolution automatically
        SphericalSurface::SphericalSurface_Setup: [global] Calculate surface coordinate descriptors
        SphericalSurface::SphericalSurface_Set: [global] Set surface radii to be used for initial setup in other thorns
        GROUP SphericalSurface_HasBeenSet: Set the spherical surfaces before this group, and use it afterwards
          SphericalSurface::SphericalSurface_CheckState: [global] Test the state of the spherical surfaces
        SymBase::SymBase_Check: Check whether the driver set up the grid consistently
        Time::Time_Initialise: [global] Initialise Time variables
        Time::Time_Simple: [singlemap] Set timestep based on Courant condition (courant_static)
        TmunuBase::TmunuBase_SetStressEnergyState: [global] Set the stress_energy_state variable
      [CCTK_RECOVER_VARIABLES]
      [CCTK_POST_RECOVER_VARIABLES]
        GROUP MoL_PostStep: Ensure that everything is correct after recovery
          ML_BSSN::ML_BSSN_SelectBoundConds: [level] select boundary conditions
          GROUP ML_BSSN_ApplyBCs: Apply boundary conditions controlled by thorn Boundary
            GROUP BoundaryConditions: Execute all boundary conditions
              Boundary::Boundary_ApplyPhysicalBCs: Apply all requested local physical boundary conditions
              CartGrid3D::CartGrid3D_ApplyBC: Apply symmetry boundary conditions
              ReflectionSymmetry::ReflectionSymmetry_Apply: Apply reflection symmetries
              RotatingSymmetry180::Rot180_ApplyBC: Apply 180 degree rotational symmetry boundary condition
            Boundary::Boundary_ClearSelection: [level] Unselect all grid variables for boundary conditions
          GROUP ML_BSSN_convertToADMBaseGroupWrapper: Calculate ADM variables
            GROUP ML_BSSN_convertToADMBaseGroup: Calculate ADM variables
              ML_BSSN::ML_BSSN_convertToADMBase: ML_BSSN_convertToADMBase
              ML_BSSN::ML_BSSN_convertToADMBaseDtLapseShift: ML_BSSN_convertToADMBaseDtLapseShift
              ML_BSSN::ML_BSSN_convertToADMBaseDtLapseShiftBoundary: ML_BSSN_convertToADMBaseDtLapseShiftBoundary
            ML_BSSN_Helper::ML_BSSN_SelectBCsADMBase: [level] Select boundary conditions for ADMBase variables
            GROUP ML_BSSN_ApplyBCsADMBase: Apply boundary conditions to ADMBase variables
              GROUP BoundaryConditions: Execute all boundary conditions
                Boundary::Boundary_ApplyPhysicalBCs: Apply all requested local physical boundary conditions
                CartGrid3D::CartGrid3D_ApplyBC: Apply symmetry boundary conditions
                ReflectionSymmetry::ReflectionSymmetry_Apply: Apply reflection symmetries
                RotatingSymmetry180::Rot180_ApplyBC: Apply 180 degree rotational symmetry boundary condition
              Boundary::Boundary_ClearSelection: [level] Unselect all grid variables for boundary conditions
          GROUP ADMBase_SetADMVars: Set the ADM variables before this group, and use them afterwards
    endif
    if (checkpoint initial data)
      [CCTK_CPINITIAL]
    endif
    if (analysis)
      [CCTK_ANALYSIS]
        GROUP ADMConstraintsGroup: Evaluate ADM constraints, and perform symmetry boundary conditions
          ADMConstraints::ADMConstraints: Evaluate ADM constraints
          GROUP ADMConstraintsBoundariesGroup: Set ADM constraints on the boundary
            ADMConstraints::ADMConstraints_Boundaries: [level] Select boundary conditions for the ADM constraints
            GROUP ADMConstraints_ApplyBCs: Apply boundary conditions to the ADM constraints
              GROUP BoundaryConditions: Execute all boundary conditions
                Boundary::Boundary_ApplyPhysicalBCs: Apply all requested local physical boundary conditions
                CartGrid3D::CartGrid3D_ApplyBC: Apply symmetry boundary conditions
                ReflectionSymmetry::ReflectionSymmetry_Apply: Apply reflection symmetries
                RotatingSymmetry180::Rot180_ApplyBC: Apply 180 degree rotational symmetry boundary condition
              Boundary::Boundary_ClearSelection: [level] Unselect all grid variables for boundary conditions
        LoopControl::lc_printstats_analysis: [meta] Output loop control statistics
        ML_BSSN::ML_BSSN_InitRHS: ML_BSSN_InitRHS
        GROUP ML_BSSN_evolCalcGroup: Calculate BSSN RHS
          ML_BSSN::ML_BSSN_RHS1: ML_BSSN_RHS1
          ML_BSSN::ML_BSSN_RHS2: ML_BSSN_RHS2
          ML_BSSN::ML_BSSN_Dissipation: ML_BSSN_Dissipation
          ML_BSSN::ML_BSSN_Advect: ML_BSSN_Advect
          ML_BSSN_Helper::ML_BSSN_NewRad: Apply NewRad boundary conditions to RHS
  endif
  Output grid variables

  do loop over timesteps
    [CCTK_PREREGRID]
    Change grid hierarchy
    [CCTK_POSTREGRID]
      CartGrid3D::SpatialCoordinates: Set Coordinates after regridding
      GROUP MoL_PostStep: Ensure that everything is correct after regridding
        ML_BSSN::ML_BSSN_SelectBoundConds: [level] select boundary conditions
        GROUP ML_BSSN_ApplyBCs: Apply boundary conditions controlled by thorn Boundary
          GROUP BoundaryConditions: Execute all boundary conditions
            Boundary::Boundary_ApplyPhysicalBCs: Apply all requested local physical boundary conditions
            CartGrid3D::CartGrid3D_ApplyBC: Apply symmetry boundary conditions
            ReflectionSymmetry::ReflectionSymmetry_Apply: Apply reflection symmetries
            RotatingSymmetry180::Rot180_ApplyBC: Apply 180 degree rotational symmetry boundary condition
          Boundary::Boundary_ClearSelection: [level] Unselect all grid variables for boundary conditions
        GROUP ML_BSSN_convertToADMBaseGroupWrapper: Calculate ADM variables
          GROUP ML_BSSN_convertToADMBaseGroup: Calculate ADM variables
            ML_BSSN::ML_BSSN_convertToADMBase: ML_BSSN_convertToADMBase
            ML_BSSN::ML_BSSN_convertToADMBaseDtLapseShift: ML_BSSN_convertToADMBaseDtLapseShift
            ML_BSSN::ML_BSSN_convertToADMBaseDtLapseShiftBoundary: ML_BSSN_convertToADMBaseDtLapseShiftBoundary
          ML_BSSN_Helper::ML_BSSN_SelectBCsADMBase: [level] Select boundary conditions for ADMBase variables
          GROUP ML_BSSN_ApplyBCsADMBase: Apply boundary conditions to ADMBase variables
            GROUP BoundaryConditions: Execute all boundary conditions
              Boundary::Boundary_ApplyPhysicalBCs: Apply all requested local physical boundary conditions
              CartGrid3D::CartGrid3D_ApplyBC: Apply symmetry boundary conditions
              ReflectionSymmetry::ReflectionSymmetry_Apply: Apply reflection symmetries
              RotatingSymmetry180::Rot180_ApplyBC: Apply 180 degree rotational symmetry boundary condition
            Boundary::Boundary_ClearSelection: [level] Unselect all grid variables for boundary conditions
        GROUP ADMBase_SetADMVars: Set the ADM variables before this group, and use them afterwards
      GROUP MoL_PseudoEvolutionBoundaries: Apply boundary conditions to pseudo-evolved quantities
        GROUP ML_BSSN_constraints1_bc_group: ML_BSSN_constraints1
          ML_BSSN::ML_BSSN_constraints1_SelectBCs: [level] ML_BSSN_constraints1_SelectBCs
          GROUP ML_BSSN_constraints1_ApplyBCs: Apply BCs for groups set in ML_BSSN_constraints1
            GROUP BoundaryConditions: Execute all boundary conditions
              Boundary::Boundary_ApplyPhysicalBCs: Apply all requested local physical boundary conditions
              CartGrid3D::CartGrid3D_ApplyBC: Apply symmetry boundary conditions
              ReflectionSymmetry::ReflectionSymmetry_Apply: Apply reflection symmetries
              RotatingSymmetry180::Rot180_ApplyBC: Apply 180 degree rotational symmetry boundary condition
            Boundary::Boundary_ClearSelection: [level] Unselect all grid variables for boundary conditions
        GROUP ML_BSSN_constraints2_bc_group: ML_BSSN_constraints2
          ML_BSSN::ML_BSSN_constraints2_SelectBCs: [level] ML_BSSN_constraints2_SelectBCs
          GROUP ML_BSSN_constraints2_ApplyBCs: Apply BCs for groups set in ML_BSSN_constraints2
            GROUP BoundaryConditions: Execute all boundary conditions
              Boundary::Boundary_ApplyPhysicalBCs: Apply all requested local physical boundary conditions
              CartGrid3D::CartGrid3D_ApplyBC: Apply symmetry boundary conditions
              ReflectionSymmetry::ReflectionSymmetry_Apply: Apply reflection symmetries
              RotatingSymmetry180::Rot180_ApplyBC: Apply 180 degree rotational symmetry boundary condition
            Boundary::Boundary_ClearSelection: [level] Unselect all grid variables for boundary conditions
      SpaceMask::MaskZero: Initialise mask to zero
      SpaceMask::MaskOne: Set mask to one
    Rotate timelevels
    iteration = iteration+1
    t = t+dt
    [CCTK_PRESTEP]
      CoordGauge::Einstein_SetNextSlicing: Identify the slicing for the next iteration
    [CCTK_EVOL]
      MoL::MoL_StartLoop: [level] Initialise the step size control
      while (MoL::MoL_Stepsize_Bad)
        GROUP MoL_Evolution: A single Cactus evolution step using MoL
          GROUP MoL_StartStep: MoL internal setup for the evolution step
            MoL::MoL_SetCounter: [level] Set the counter for the ODE method to loop over
            MoL::MoL_SetTime: [level] Ensure the correct time and timestep are used
          GROUP MoL_PreStep: Physics thorns can schedule preloop setup routines in here
          MoL::MoL_InitialCopy: Ensure the data is in the correct timelevel
          while (MoL::MoL_Intermediate_Step)
            GROUP MoL_Step: The loop over the intermediate steps for the ODE integrator
              MoL::MoL_InitRHS: Initialise the RHS functions
              GROUP MoL_CalcRHS: Physics thorns schedule the calculation of the discrete spatial operator in here
                GROUP ML_BSSN_evolCalcGroup: Calculate BSSN RHS
                  ML_BSSN::ML_BSSN_RHS1: ML_BSSN_RHS1
                  ML_BSSN::ML_BSSN_RHS2: ML_BSSN_RHS2
                  ML_BSSN::ML_BSSN_Dissipation: ML_BSSN_Dissipation
                  ML_BSSN::ML_BSSN_Advect: ML_BSSN_Advect
                  ML_BSSN_Helper::ML_BSSN_NewRad: Apply NewRad boundary conditions to RHS
              GROUP MoL_PostRHS: Modify RHS functions
                NoExcision::NoExcision_Reduce: Reduce RHS
              GROUP MoL_RHSBoundaries: Any 'final' modifications to the RHS functions (boundaries etc.)
              MoL::MoL_Add: Updates calculated with the efficient Runge-Kutta 3 method
              MoL::MoL_DecrementCounter: [level] Alter the counter number
              MoL::MoL_ResetTime: [level] If necessary, change the time
              GROUP MoL_PostStepModify: The group for physics thorns to schedule enforcing constraints
                ML_BSSN::ML_BSSN_enforce: ML_BSSN_enforce
              GROUP MoL_PostStep: The group for physics thorns to schedule boundary calls etc.
                ML_BSSN::ML_BSSN_SelectBoundConds: [level] select boundary conditions
                GROUP ML_BSSN_ApplyBCs: Apply boundary conditions controlled by thorn Boundary
                  GROUP BoundaryConditions: Execute all boundary conditions
                    Boundary::Boundary_ApplyPhysicalBCs: Apply all requested local physical boundary conditions
                    CartGrid3D::CartGrid3D_ApplyBC: Apply symmetry boundary conditions
                    ReflectionSymmetry::ReflectionSymmetry_Apply: Apply reflection symmetries
                    RotatingSymmetry180::Rot180_ApplyBC: Apply 180 degree rotational symmetry boundary condition
                  Boundary::Boundary_ClearSelection: [level] Unselect all grid variables for boundary conditions
                GROUP ML_BSSN_convertToADMBaseGroupWrapper: Calculate ADM variables
                  GROUP ML_BSSN_convertToADMBaseGroup: Calculate ADM variables
                    ML_BSSN::ML_BSSN_convertToADMBase: ML_BSSN_convertToADMBase
                    ML_BSSN::ML_BSSN_convertToADMBaseDtLapseShift: ML_BSSN_convertToADMBaseDtLapseShift
                    ML_BSSN::ML_BSSN_convertToADMBaseDtLapseShiftBoundary: ML_BSSN_convertToADMBaseDtLapseShiftBoundary
                  ML_BSSN_Helper::ML_BSSN_SelectBCsADMBase: [level] Select boundary conditions for ADMBase variables
                  GROUP ML_BSSN_ApplyBCsADMBase: Apply boundary conditions to ADMBase variables
                    GROUP BoundaryConditions: Execute all boundary conditions
                      Boundary::Boundary_ApplyPhysicalBCs: Apply all requested local physical boundary conditions
                      CartGrid3D::CartGrid3D_ApplyBC: Apply symmetry boundary conditions
                      ReflectionSymmetry::ReflectionSymmetry_Apply: Apply reflection symmetries
                      RotatingSymmetry180::Rot180_ApplyBC: Apply 180 degree rotational symmetry boundary condition
                    Boundary::Boundary_ClearSelection: [level] Unselect all grid variables for boundary conditions
                GROUP ADMBase_SetADMVars: Set the ADM variables before this group, and use them afterwards
              MoL::MoL_ResetDeltaTime: [level] If necessary, change the timestep
          end while
          MoL::MoL_FinishLoop: [level] Control the step size
          MoL::MoL_RestoreSandR: Restoring the Save and Restore variables to the original state
      end while
      GROUP MoL_PseudoEvolution: Calculate pseudo-evolved quantities
        GROUP ADMBase_SetADMVars: Set the ADM variables before this group, and use them afterwards
        GROUP ML_BSSN_constraints1_group: ML_BSSN_constraints1
          ML_BSSN::ML_BSSN_constraints1: ML_BSSN_constraints1
          GROUP ML_BSSN_constraints1_bc_group: ML_BSSN_constraints1
            ML_BSSN::ML_BSSN_constraints1_SelectBCs: [level] ML_BSSN_constraints1_SelectBCs
            GROUP ML_BSSN_constraints1_ApplyBCs: Apply BCs for groups set in ML_BSSN_constraints1
              GROUP BoundaryConditions: Execute all boundary conditions
                Boundary::Boundary_ApplyPhysicalBCs: Apply all requested local physical boundary conditions
                CartGrid3D::CartGrid3D_ApplyBC: Apply symmetry boundary conditions
                ReflectionSymmetry::ReflectionSymmetry_Apply: Apply reflection symmetries
                RotatingSymmetry180::Rot180_ApplyBC: Apply 180 degree rotational symmetry boundary condition
              Boundary::Boundary_ClearSelection: [level] Unselect all grid variables for boundary conditions
        GROUP ML_BSSN_constraints2_group: ML_BSSN_constraints2
          ML_BSSN::ML_BSSN_constraints2: ML_BSSN_constraints2
          GROUP ML_BSSN_constraints2_bc_group: ML_BSSN_constraints2
            ML_BSSN::ML_BSSN_constraints2_SelectBCs: [level] ML_BSSN_constraints2_SelectBCs
            GROUP ML_BSSN_constraints2_ApplyBCs: Apply BCs for groups set in ML_BSSN_constraints2
              GROUP BoundaryConditions: Execute all boundary conditions
                Boundary::Boundary_ApplyPhysicalBCs: Apply all requested local physical boundary conditions
                CartGrid3D::CartGrid3D_ApplyBC: Apply symmetry boundary conditions
                ReflectionSymmetry::ReflectionSymmetry_Apply: Apply reflection symmetries
                RotatingSymmetry180::Rot180_ApplyBC: Apply 180 degree rotational symmetry boundary condition
              Boundary::Boundary_ClearSelection: [level] Unselect all grid variables for boundary conditions
    Evolve finer grids recursively
    Restrict from finer grids
    [CCTK_POSTRESTRICT]
      GROUP MoL_PostStep: Ensure that everything is correct after restriction
        ML_BSSN::ML_BSSN_SelectBoundConds: [level] select boundary conditions
        GROUP ML_BSSN_ApplyBCs: Apply boundary conditions controlled by thorn Boundary
          GROUP BoundaryConditions: Execute all boundary conditions
            Boundary::Boundary_ApplyPhysicalBCs: Apply all requested local physical boundary conditions
            CartGrid3D::CartGrid3D_ApplyBC: Apply symmetry boundary conditions
            ReflectionSymmetry::ReflectionSymmetry_Apply: Apply reflection symmetries
            RotatingSymmetry180::Rot180_ApplyBC: Apply 180 degree rotational symmetry boundary condition
          Boundary::Boundary_ClearSelection: [level] Unselect all grid variables for boundary conditions
        GROUP ML_BSSN_convertToADMBaseGroupWrapper: Calculate ADM variables
          GROUP ML_BSSN_convertToADMBaseGroup: Calculate ADM variables
            ML_BSSN::ML_BSSN_convertToADMBase: ML_BSSN_convertToADMBase
            ML_BSSN::ML_BSSN_convertToADMBaseDtLapseShift: ML_BSSN_convertToADMBaseDtLapseShift
            ML_BSSN::ML_BSSN_convertToADMBaseDtLapseShiftBoundary: ML_BSSN_convertToADMBaseDtLapseShiftBoundary
          ML_BSSN_Helper::ML_BSSN_SelectBCsADMBase: [level] Select boundary conditions for ADMBase variables
          GROUP ML_BSSN_ApplyBCsADMBase: Apply boundary conditions to ADMBase variables
            GROUP BoundaryConditions: Execute all boundary conditions
              Boundary::Boundary_ApplyPhysicalBCs: Apply all requested local physical boundary conditions
              CartGrid3D::CartGrid3D_ApplyBC: Apply symmetry boundary conditions
              ReflectionSymmetry::ReflectionSymmetry_Apply: Apply reflection symmetries
              RotatingSymmetry180::Rot180_ApplyBC: Apply 180 degree rotational symmetry boundary condition
            Boundary::Boundary_ClearSelection: [level] Unselect all grid variables for boundary conditions
        GROUP ADMBase_SetADMVars: Set the ADM variables before this group, and use them afterwards
      GROUP MoL_PseudoEvolutionBoundaries: Apply boundary conditions to pseudo-evolved quantities
        GROUP ML_BSSN_constraints1_bc_group: ML_BSSN_constraints1
          ML_BSSN::ML_BSSN_constraints1_SelectBCs: [level] ML_BSSN_constraints1_SelectBCs
          GROUP ML_BSSN_constraints1_ApplyBCs: Apply BCs for groups set in ML_BSSN_constraints1
            GROUP BoundaryConditions: Execute all boundary conditions
              Boundary::Boundary_ApplyPhysicalBCs: Apply all requested local physical boundary conditions
              CartGrid3D::CartGrid3D_ApplyBC: Apply symmetry boundary conditions
              ReflectionSymmetry::ReflectionSymmetry_Apply: Apply reflection symmetries
              RotatingSymmetry180::Rot180_ApplyBC: Apply 180 degree rotational symmetry boundary condition
            Boundary::Boundary_ClearSelection: [level] Unselect all grid variables for boundary conditions
        GROUP ML_BSSN_constraints2_bc_group: ML_BSSN_constraints2
          ML_BSSN::ML_BSSN_constraints2_SelectBCs: [level] ML_BSSN_constraints2_SelectBCs
          GROUP ML_BSSN_constraints2_ApplyBCs: Apply BCs for groups set in ML_BSSN_constraints2
            GROUP BoundaryConditions: Execute all boundary conditions
              Boundary::Boundary_ApplyPhysicalBCs: Apply all requested local physical boundary conditions
              CartGrid3D::CartGrid3D_ApplyBC: Apply symmetry boundary conditions
              ReflectionSymmetry::ReflectionSymmetry_Apply: Apply reflection symmetries
              RotatingSymmetry180::Rot180_ApplyBC: Apply 180 degree rotational symmetry boundary condition
            Boundary::Boundary_ClearSelection: [level] Unselect all grid variables for boundary conditions
    [CCTK_POSTSTEP]
      SpaceMask::CheckMask: Ensure that all mask values are legal
      SphericalSurface::SphericalSurface_Set: [global] Set surface radii
      GROUP SphericalSurface_HasBeenSet: Set the spherical surfaces before this group, and use it afterwards
        SphericalSurface::SphericalSurface_CheckState: [global] Test the state of the spherical surfaces
  if (checkpoint)
    [CCTK_CHECKPOINT]
  endif
  if (analysis)
    [CCTK_ANALYSIS]
      GROUP ADMConstraintsGroup: Evaluate ADM constraints, and perform symmetry boundary conditions
        ADMConstraints::ADMConstraints: Evaluate ADM constraints
        GROUP ADMConstraintsBoundariesGroup: Set ADM constraints on the boundary
          ADMConstraints::ADMConstraints_Boundaries: [level] Select boundary conditions for the ADM constraints
          GROUP ADMConstraints_ApplyBCs: Apply boundary conditions to the ADM constraints
            GROUP BoundaryConditions: Execute all boundary conditions
              Boundary::Boundary_ApplyPhysicalBCs: Apply all requested local physical boundary conditions
              CartGrid3D::CartGrid3D_ApplyBC: Apply symmetry boundary conditions
              ReflectionSymmetry::ReflectionSymmetry_Apply: Apply reflection symmetries
              RotatingSymmetry180::Rot180_ApplyBC: Apply 180 degree rotational symmetry boundary condition
            Boundary::Boundary_ClearSelection: [level] Unselect all grid variables for boundary conditions
      LoopControl::lc_printstats_analysis: [meta] Output loop control statistics
      ML_BSSN::ML_BSSN_InitRHS: ML_BSSN_InitRHS
      GROUP ML_BSSN_evolCalcGroup: Calculate BSSN RHS
        ML_BSSN::ML_BSSN_RHS1: ML_BSSN_RHS1
        ML_BSSN::ML_BSSN_RHS2: ML_BSSN_RHS2
        ML_BSSN::ML_BSSN_Dissipation: ML_BSSN_Dissipation
        ML_BSSN::ML_BSSN_Advect: ML_BSSN_Advect
        ML_BSSN_Helper::ML_BSSN_NewRad: Apply NewRad boundary conditions to RHS
  endif
  Output grid variables
  enddo

  Termination routines
    [CCTK_TERMINATE]
      LoopControl::lc_printstats_terminate: [meta] Output loop control statistics
      MoL::MoL_FreeIndexArrays: Free the MoL bookkeeping index arrays
      PUGH::Driver_Terminate: Termination routine

  Shutdown routines
    [CCTK_SHUTDOWN]

  Routines run after changing the grid hierarchy:
    [CCTK_POSTREGRID]
      CartGrid3D::SpatialCoordinates: Set Coordinates after regridding
      GROUP MoL_PostStep: Ensure that everything is correct after regridding
        ML_BSSN::ML_BSSN_SelectBoundConds: [level] select boundary conditions
        GROUP ML_BSSN_ApplyBCs: Apply boundary conditions controlled by thorn Boundary
          GROUP BoundaryConditions: Execute all boundary conditions
            Boundary::Boundary_ApplyPhysicalBCs: Apply all requested local physical boundary conditions
            CartGrid3D::CartGrid3D_ApplyBC: Apply symmetry boundary conditions
            ReflectionSymmetry::ReflectionSymmetry_Apply: Apply reflection symmetries
            RotatingSymmetry180::Rot180_ApplyBC: Apply 180 degree rotational symmetry boundary condition
          Boundary::Boundary_ClearSelection: [level] Unselect all grid variables for boundary conditions
        GROUP ML_BSSN_convertToADMBaseGroupWrapper: Calculate ADM variables
          GROUP ML_BSSN_convertToADMBaseGroup: Calculate ADM variables
            ML_BSSN::ML_BSSN_convertToADMBase: ML_BSSN_convertToADMBase
            ML_BSSN::ML_BSSN_convertToADMBaseDtLapseShift: ML_BSSN_convertToADMBaseDtLapseShift
            ML_BSSN::ML_BSSN_convertToADMBaseDtLapseShiftBoundary: ML_BSSN_convertToADMBaseDtLapseShiftBoundary
          ML_BSSN_Helper::ML_BSSN_SelectBCsADMBase: [level] Select boundary conditions for ADMBase variables
          GROUP ML_BSSN_ApplyBCsADMBase: Apply boundary conditions to ADMBase variables
            GROUP BoundaryConditions: Execute all boundary conditions
              Boundary::Boundary_ApplyPhysicalBCs: Apply all requested local physical boundary conditions
              CartGrid3D::CartGrid3D_ApplyBC: Apply symmetry boundary conditions
              ReflectionSymmetry::ReflectionSymmetry_Apply: Apply reflection symmetries
              RotatingSymmetry180::Rot180_ApplyBC: Apply 180 degree rotational symmetry boundary condition
            Boundary::Boundary_ClearSelection: [level] Unselect all grid variables for boundary conditions
        GROUP ADMBase_SetADMVars: Set the ADM variables before this group, and use them afterwards
      GROUP MoL_PseudoEvolutionBoundaries: Apply boundary conditions to pseudo-evolved quantities
        GROUP ML_BSSN_constraints1_bc_group: ML_BSSN_constraints1
          ML_BSSN::ML_BSSN_constraints1_SelectBCs: [level] ML_BSSN_constraints1_SelectBCs
          GROUP ML_BSSN_constraints1_ApplyBCs: Apply BCs for groups set in ML_BSSN_constraints1
            GROUP BoundaryConditions: Execute all boundary conditions
              Boundary::Boundary_ApplyPhysicalBCs: Apply all requested local physical boundary conditions
              CartGrid3D::CartGrid3D_ApplyBC: Apply symmetry boundary conditions
              ReflectionSymmetry::ReflectionSymmetry_Apply: Apply reflection symmetries
              RotatingSymmetry180::Rot180_ApplyBC: Apply 180 degree rotational symmetry boundary condition
            Boundary::Boundary_ClearSelection: [level] Unselect all grid variables for boundary conditions
        GROUP ML_BSSN_constraints2_bc_group: ML_BSSN_constraints2
          ML_BSSN::ML_BSSN_constraints2_SelectBCs: [level] ML_BSSN_constraints2_SelectBCs
          GROUP ML_BSSN_constraints2_ApplyBCs: Apply BCs for groups set in ML_BSSN_constraints2
            GROUP BoundaryConditions: Execute all boundary conditions
              Boundary::Boundary_ApplyPhysicalBCs: Apply all requested local physical boundary conditions
              CartGrid3D::CartGrid3D_ApplyBC: Apply symmetry boundary conditions
              ReflectionSymmetry::ReflectionSymmetry_Apply: Apply reflection symmetries
              RotatingSymmetry180::Rot180_ApplyBC: Apply 180 degree rotational symmetry boundary condition
            Boundary::Boundary_ClearSelection: [level] Unselect all grid variables for boundary conditions
      SpaceMask::MaskZero: Initialise mask to zero
      SpaceMask::MaskOne: Set mask to one
--------------------------------------------------------------------------------
INFO (PUGH): Using physical to logical mappings: direct
INFO (PUGH): Using topology generator: automatic
--------------------------------------------------------------------------------
Driver provided by PUGH
--------------------------------------------------------------------------------
ML_BSSN
--------------------------------------------------------------------------------
MoL: Generalized time integration.
--------------------------------------------------------------------------------

INFO (PUGH): Not setting up a topology for 1 dimensions
INFO (PUGH): Not setting up a topology for 2 dimensions
INFO (PUGH): Setting up a topology for 3 dimensions
INFO (IOASCII): I/O Method 'IOASCII_1D' registered: output of 1D lines of grid functions/arrays to ASCII files
INFO (IOASCII): Periodic 1D output every 1 iterations
INFO (IOASCII): Periodic 1D output requested for 'ADMBASE::gxx', 'ADMBASE::gxy', 'ADMBASE::gxz', 'ADMBASE::gyy', 'ADMBASE::gyz', 'ADMBASE::gzz', 'ADMBASE::alp', 'ADMBASE::betax', 'ADMBASE::betay', 'ADMBASE::betaz', 'ADMCONSTRAINTS::ham', 'ADMCONSTRAINTS::momx', 'ADMCONSTRAINTS::momy', 'ADMCONSTRAINTS::momz', 'SPACEMASK::emask'
INFO (IOASCII): I/O Method 'IOASCII_2D' registered: output of 2D planes of grid functions/arrays to ASCII files
INFO (IOASCII): Periodic 2D output turned off
INFO (IOASCII): I/O Method 'IOASCII_3D' registered: output of 3D grid functions/arrays to ASCII files
INFO (IOASCII): Periodic 3D output turned off
INFO (IOBasic): I/O Method 'Scalar' registered: output of scalar quantities (grid scalars, reductions) to ASCII files
INFO (IOBasic): I/O Method 'Info' registered: output of scalar quantities (grid scalars, reductions) to screen
INFO (MoL): Using Runge-Kutta 3 as the time integrator.
INFO (MoL): The maximum number of evolved variables is 25. 25 are registered.
INFO (MoL): The maximum number of constrained variables is 20. 20 are registered.
INFO (MoL): The maximum number of SandR variables is 0. 0 are registered.
INFO (MoL): The maximum number of evolved complex variables is 0. 0 are registered.
INFO (MoL): The maximum number of constrained complex variables is 0. 0 are registered.
INFO (MoL): The maximum number of SandR complex variables is 0. 0 are registered.
INFO (MoL): The maximum number of evolved array variables is 0. 0 are registered.
INFO (MoL): The maximum number of constrained array variables is 0. 0 are registered.
INFO (MoL): The maximum number of SandR array variables is 0. 0 are registered.
INFO (MoL): The maximum number of evolved complex array variables is 0. 0 are registered.
INFO (MoL): The maximum number of constrained complex array variables is 0. 0 are registered.
INFO (MoL): The maximum number of SandR complex array variables is 0. 0 are registered.
INFO (MoL): The maximum size of any array variables is 0.
INFO (SymBase): Symmetry on lower x-face: rotating_symmetry_180
INFO (SymBase): Symmetry on lower z-face: reflection_symmetry
INFO (ADMMacros): Spatial finite differencing order: 2
INFO (CartGrid3D): Grid Spacings:
INFO (CartGrid3D): dx=>2.5000000e-01  dy=>2.5000000e-01  dz=>2.5000000e-01
INFO (CartGrid3D): Computational Coordinates:
INFO (CartGrid3D): x=>[-0.375, 3.875]  y=>[-3.875, 3.875]  z=>[-0.375, 3.875]
INFO (CartGrid3D): Indices of Physical Coordinates:
INFO (CartGrid3D): x=>[0,17]  y=>[0,31]  z=>[0,17]
INFO (PUGH): MPI Evolution on 2 processors
INFO (PUGH): 3-dimensional grid functions
INFO (PUGH):   Size: 18 32 18
INFO (PUGH):   Processor topology: 1 x 2 x 1
INFO (PUGH):   Local load: 5832   [18 x 18 x 18]
INFO (PUGH):   Maximum load skew: 0.000000
INFO (Time): Timestep set to 0.0625 (courant_static)
INFO (Exact): setting exact data on slice
INFO (IOBasic): Periodic scalar output requested for 'ADMBASE::gxx', 'ADMBASE::gxy', 'ADMBASE::gxz', 'ADMBASE::gyy', 'ADMBASE::gyz', 'ADMBASE::gzz', 'ADMBASE::alp', 'ADMBASE::betax', 'ADMBASE::betay', 'ADMBASE::betaz', 'ADMCONSTRAINTS::ham', 'ADMCONSTRAINTS::momx', 'ADMCONSTRAINTS::momy', 'ADMCONSTRAINTS::momz'
INFO (IOBasic): Periodic info output requested for 'ADMCONSTRAINTS::ham', 'ADMCONSTRAINTS::momx'
-------------------------------------------------
   it  |          | *RAINTS::ham | *AINTS::momx |
       |    t     | norm2        | norm2        |
-------------------------------------------------
     0 |    0.000 |   1.58880381 |   1.04967346 |
     1 |    0.062 |   1.58908012 |   1.04958912 |
     2 |    0.125 |   1.58978185 |   1.04962296 |
     3 |    0.188 |   1.59182736 |   1.05005797 |
LoopControl timing statistics:
Loop #0 "ML_BSSN_convertToADMBaseDtLapseShiftBoundary":
   total count: 760   total setup: 1.70327   total calc: 1.29879
   avg calc: 0.00170894   avg first calc: 0.00156446
   avg improvement: -9%   saved: -0.109803 seconds
Loop #1 "Slab_copy_back_flipxy":
   total count: 4048   total setup: 7.37601   total calc: 5.48288
   avg calc: 0.00135447   avg first calc: 0.00122056
   avg improvement: -11%   saved: -0.542066 seconds
Loop #2 "Slab_copy_in_noxpose":
   total count: 4048   total setup: 7.62212   total calc: 5.6971
   avg calc: 0.00140739   avg first calc: 0.00128528
   avg improvement: -10%   saved: -0.494283 seconds
Total calculation time: 13.6218 seconds; total saved time: -1.14615 seconds
--------------------------------------------------------------------------------
Done.
