/home/jhar131/TESTING/einsteintoolkit/2012-05-29-020001/Cactus/TEST/sim/QuasiLocalMeasures
--------------------------------------------------------------------------------

       10                                  
  1   0101       ************************  
  01  1010 10      The Cactus Code V4.0    
 1010 1101 011      www.cactuscode.org     
  1001 100101    ************************  
    00010101                               
     100011     (c) Copyright The Authors  
      0100      GNU Licensed. No Warranty  
      0101                                 

--------------------------------------------------------------------------------

Cactus version:    4.0.1
Compile date:      May 29 2012 (02:49:03)
Run date:          May 29 2012 (03:37:32-0500)
Run host:          numrel07.cct.lsu.edu (pid=19027)
Working directory: /home/jhar131/TESTING/einsteintoolkit/2012-05-29-020001/Cactus/TEST/sim/QuasiLocalMeasures
Executable:        /home/jhar131/TESTING/einsteintoolkit/2012-05-29-020001/Cactus/exe/cactus_sim
Parameter file:    /home/jhar131/TESTING/einsteintoolkit/2012-05-29-020001/Cactus/arrangements/LSUThorns/QuasiLocalMeasures/test/qlm-ks-boosted.par
--------------------------------------------------------------------------------

Activating thorn Cactus...Success -> active implementation Cactus
Activation requested for 
--->IOUtil<---
Activating thorn IOUtil...Success -> active implementation IO
Activation requested for 
--->AEILocalInterp<---
Activating thorn AEILocalInterp...Success -> active implementation AEILocalInterp
Activation requested for 
--->Fortran<---
Activating thorn Fortran...Success -> active implementation Fortran
Activation requested for 
--->GSL<---
Activating thorn GSL...Success -> active implementation GSL
Activation requested for 
--->GenericFD<---
Activating thorn GenericFD...Success -> active implementation GenericFD
Activation requested for 
--->LoopControl<---
Activating thorn LoopControl...Success -> active implementation LoopControl
Activation requested for 
--->Slab<---
Activating thorn Slab...Success -> active implementation Slab
Activation requested for 
--->InitBase<---
Activating thorn InitBase...Success -> active implementation InitBase
Activation requested for 
--->Carpet CarpetLib CarpetInterp CarpetReduce<---
Activating thorn Carpet...Success -> active implementation Driver
Activating thorn CarpetInterp...Success -> active implementation interp
Activating thorn CarpetLib...Success -> active implementation CarpetLib
Activating thorn CarpetReduce...Success -> active implementation reduce
Activation requested for 
--->NaNChecker<---
Activating thorn NaNChecker...Success -> active implementation NaNChecker
Activation requested for 
--->Boundary CartGrid3D CoordBase RotatingSymmetry90 SymBase<---
Activating thorn Boundary...Success -> active implementation boundary
Activating thorn CartGrid3D...Success -> active implementation grid
Activating thorn CoordBase...Success -> active implementation CoordBase
Activating thorn RotatingSymmetry90...Success -> active implementation RotatingSymmetry90
Activating thorn SymBase...Success -> active implementation SymBase
Activation requested for 
--->SphericalSurface<---
Activating thorn SphericalSurface...Success -> active implementation SphericalSurface
Activation requested for 
--->CarpetMask<---
Activating thorn CarpetMask...Success -> active implementation CarpetMask
Activation requested for 
--->Time<---
Activating thorn Time...Success -> active implementation time
Activation requested for 
--->ADMBase ADMCoupling ADMMacros CoordGauge SpaceMask StaticConformal TmunuBase<---
Activating thorn ADMBase...Success -> active implementation ADMBase
Activating thorn ADMCoupling...Success -> active implementation ADMCoupling
Activating thorn ADMMacros...Success -> active implementation ADMMacros
Activating thorn CoordGauge...Success -> active implementation CoordGauge
Activating thorn SpaceMask...Success -> active implementation SpaceMask
Activating thorn StaticConformal...Success -> active implementation StaticConformal
Activating thorn TmunuBase...Success -> active implementation TmunuBase
Activation requested for 
--->Exact<---
Activating thorn Exact...Success -> active implementation exact
Activation requested for 
--->AHFinderDirect<---
Activating thorn AHFinderDirect...Success -> active implementation AHFinderDirect
Activation requested for 
--->QuasiLocalMeasures<---
Activating thorn QuasiLocalMeasures...Success -> active implementation QuasiLocalMeasures
Activation requested for 
--->CarpetIOBasic<---
Activating thorn CarpetIOBasic...Success -> active implementation IOBasic
Activation requested for 
--->CarpetIOScalar<---
Activating thorn CarpetIOScalar...Success -> active implementation IOScalar
Activation requested for 
--->CarpetIOASCII<---
Activating thorn CarpetIOASCII...Success -> active implementation IOASCII
--------------------------------------------------------------------------------
  if (recover initial data)
    Recover parameters
  endif

  Startup routines
    [CCTK_STARTUP]
      Carpet::MultiModel_Startup: Multi-model Startup routine
      CarpetLib::CarpetLib_registercycleclock: [global] Register cycle based timer
      Carpet::Driver_Startup: Startup routine
      IOUtil::IOUtil_Startup: Startup routine
      CarpetIOBasic::CarpetIOBasicStartup: [global] Startup routine
      CarpetIOScalar::CarpetIOScalarStartup: [global] Startup routine
      CarpetInterp::CarpetInterpStartup: Startup routine
      AEILocalInterp::AEILocalInterp_U_Startup: register CCTK_InterpLocalUniform() interpolation operators
      CarpetReduce::CarpetReduceStartup: Startup routine
      CartGrid3D::SymmetryStartup: Register GH Extension for GridSymmetry
      CoordBase::CoordBase_Startup: Register a GH extension to store the coordinate system handles
      Exact::Exact__RegisterSlicing: [global] Register slicings
      CarpetIOASCII::CarpetIOASCIIStartup: [global] Startup routine
      LoopControl::lc_check_type_sizes: [meta] Check that sizes of control structures are identical in C and Fortran
      Slab::Slab_InitMPIDatatypes: Create MPI datatypes for complex variables in C
      SymBase::SymBase_Startup: Register GH Extension for SymBase

  Startup routines which need an existing grid hierarchy
    [CCTK_WRAGH]
      ADMBase::Einstein_InitSymBound: [global] Set up GF symmetries
      Boundary::Boundary_RegisterBCs: [global] Register boundary conditions that this thorn provides
      CartGrid3D::RegisterCartGrid3DCoords: [meta] Register coordinates for the Cartesian grid
      CoordGauge::Einstein_ActivateSlicing: Initialize slicing, setup priorities for mixed slicings
      CoordGauge::Einstein_SetNextSlicing: Identify the slicing for the next iteration
      Slab::Slab_InitTimers: Initialise timers
      GROUP SymBase_Wrapper: Wrapper group for SymBase
        GROUP SymmetryRegister: Register your symmetries here
          CartGrid3D::RegisterSymmetryBoundaries: [meta] Register symmetry boundaries
          RotatingSymmetry90::Rot90_RegisterSymmetry: Register symmetry boundaries
        SymBase::SymBase_Statistics: Print symmetry boundary face descriptions
  Parameter checking routines
    [CCTK_PARAMCHECK]
      ADMBase::ADMBase_ParamCheck: [global] Check consistency of parameters
      Boundary::Boundary_Check: Check dimension of grid variables
      Carpet::CarpetParamCheck: Parameter checking routine
      CarpetLib::CarpetLib_test_prolongate_3d_rf2: [global] Test prolongation operators
      CarpetMask::CarpetSurfaceParamCheck: [global] Check parameters
      CartGrid3D::ParamCheck_CartGrid3D: Check coordinates for CartGrid3D
      Exact::Exact_ParamCheck: [global] do consistency checks on our parameters
      Fortran::CheckFortranParameters: Test whether Fortran parameters work correctly
      QuasiLocalMeasures::qlm_paramcheck: [global] Check quasi-local parameter settings
      RotatingSymmetry90::Rot90_CheckTensorTypes: Check tensor type definitions for consistency

  Initialisation
    if (NOT (recover initial data AND recovery_mode is 'strict'))
      [CCTK_PREREGRIDINITIAL]
      Set up grid hierarchy
      [CCTK_POSTREGRIDINITIAL]
        AHFinderDirect::AHFinderDirect_maybe_do_masks: [global] [loop-local] set mask(s) based on apparent horizon position(s)
        CartGrid3D::SpatialCoordinates: Set Coordinates after regridding
        GROUP MaskBase_SetupMask: Set up the weight function
          GROUP MaskBase_SetupMaskAll: Set up the weight function
            CarpetReduce::MaskBase_AllocateMask: [global] Allocate the weight function
            CarpetReduce::MaskBase_InitMask: [global] [loop-local] Initialise the weight function
            GROUP SetupIMaskInternal: Set up the integer weight function (schedule other routines in here)
              CarpetReduce::CoordBase_SetupMask: [global] [loop-local] Set up the outer boundaries of the weight function
              CarpetReduce::CarpetMaskSetup: [global] [loop-singlemap] Set up the weight function for the restriction regions
            GROUP SetupIMask: Set up the integer weight function (schedule other routines in here)
              CarpetMask::CarpetExcludedSetup: [global] [loop-local] Set up the weight function for the excluded regions
              CarpetMask::CarpetSurfaceSetup: [global] [loop-local] Set up the weight function for the excluded spherical surfaces
            CarpetReduce::MaskBase_SetMask: [global] [loop-local] Set the weight function
            GROUP SetupMask: Set up the real weight function (schedule other routines in here)
            CarpetReduce::MaskBase_TestMask: [global] Test the weight function
      [CCTK_BASEGRID]
        ADMBase::ADMBase_SetShiftStateOn: Set the shift_state variable to 1
        ADMBase::ADMBase_SetDtLapseStateOff: Set the dtlapse_state variable to 0
        ADMBase::ADMBase_SetDtShiftStateOff: Set the dtshift_state variable to 0
        ADMMacros::ADMMacros_SetLocalSpatialOrder: Initialize the local_spatial_order
        CartGrid3D::CartGrid3D_SetRanges: Set up ranges for spatial 3D Cartesian coordinates (on all grids)
        CarpetIOASCII::CarpetIOASCIIInit: [global] Initialisation routine
        CarpetIOBasic::CarpetIOBasicInit: [global] Initialisation routine
        CarpetIOScalar::CarpetIOScalarInit: [global] Initialisation routine
        CartGrid3D::SpatialCoordinates: Set up spatial 3D Cartesian coordinates on the GH
        SphericalSurface::SphericalSurface_SetupRes: [global] [loop-local] Set surface resolution automatically
        AHFinderDirect::AHFinderDirect_setup: [global] setup data structures
        NaNChecker::NaNChecker_ResetCounter: [global] Reset the NaNChecker::NaNsFound counter
        SphericalSurface::SphericalSurface_Setup: [global] Calculate surface coordinate descriptors
        GROUP MaskBase_SetupMask: Set up the weight function
          GROUP MaskBase_SetupMaskAll: Set up the weight function
            CarpetReduce::MaskBase_AllocateMask: [global] Allocate the weight function
            CarpetReduce::MaskBase_InitMask: [global] [loop-local] Initialise the weight function
            GROUP SetupIMaskInternal: Set up the integer weight function (schedule other routines in here)
              CarpetReduce::CoordBase_SetupMask: [global] [loop-local] Set up the outer boundaries of the weight function
              CarpetReduce::CarpetMaskSetup: [global] [loop-singlemap] Set up the weight function for the restriction regions
            GROUP SetupIMask: Set up the integer weight function (schedule other routines in here)
              CarpetMask::CarpetExcludedSetup: [global] [loop-local] Set up the weight function for the excluded regions
              CarpetMask::CarpetSurfaceSetup: [global] [loop-local] Set up the weight function for the excluded spherical surfaces
            CarpetReduce::MaskBase_SetMask: [global] [loop-local] Set the weight function
            GROUP SetupMask: Set up the real weight function (schedule other routines in here)
            CarpetReduce::MaskBase_TestMask: [global] Test the weight function
        SphericalSurface::SphericalSurface_Set: [global] Set surface radii to be used for initial setup in other thorns
        GROUP SphericalSurface_HasBeenSet: Set the spherical surfaces before this group, and use it afterwards
          SphericalSurface::SphericalSurface_CheckState: [global] Test the state of the spherical surfaces
        SymBase::SymBase_Check: Check whether the driver set up the grid consistently
        Time::Time_Initialise: [global] Initialise Time variables
        Time::Time_Simple: [singlemap] Set timestep based on Courant condition (courant_static)
        TmunuBase::TmunuBase_SetStressEnergyState: [global] Set the stress_energy_state variable
      [CCTK_INITIAL]
        StaticConformal::StaticConformal_InitialiseState: Set the conformal_state variable to 0
        GROUP ADMBase_InitialData: Schedule group for calculating ADM initial data
          Exact::Exact__decode_pars: decode/copy thorn Exact parameters into grid scalars
          Exact::Exact__initialize: Set initial data from exact solution on a trivial slice
        GROUP ADMBase_InitialGauge: Schedule group for the ADM initial gauge condition
          Exact::Exact__gauge: Set initial lapse and/or shift from exact solution on a trivial slice
        QuasiLocalMeasures::qlm_init: [global] Initialise quasi-local calculations
        GROUP ADMBase_PostInitial: Schedule group for modifying the ADM initial data, such as e.g. adding noise
      [CCTK_POSTINITIAL]
      Initialise finer grids recursively
      Restrict from finer grids
      [CCTK_POSTRESTRICTINITIAL]
      [CCTK_POSTPOSTINITIAL]
      [CCTK_POSTSTEP]
        AHFinderDirect::AHFinderDirect_import_mask: [global] [loop-local] import the excision mask
        AHFinderDirect::AHFinderDirect_find_horizons: [global] find apparent horizon(s) after this time step
        AHFinderDirect::AHFinderDirect_store: [global] store apparent horizon(s) into spherical surface(s)
        AHFinderDirect::AHFinderDirect_save: [global] save apparent horizon(s) into Cactus variables
        AHFinderDirect::AHFinderDirect_maybe_do_masks: [global] [loop-local] set mask(s) based on apparent horizon position(s)
        SphericalSurface::SphericalSurface_Set: [global] Set surface radii
        GROUP zzz_NaNChecker_NaNCheck: Check for NaNs and count them in NaNChecker::NaNsFound
          NaNChecker::NaNChecker_NaNCheck_Prepare: [level] Prepare data structures to check for NaNs
          NaNChecker::NaNChecker_NaNCheck_Check: [local] Check for NaNs
          NaNChecker::NaNChecker_NaNCheck_Finish: [level] Count NaNs in NaNChecker::NaNsFound
        NaNChecker::NaNChecker_TakeAction: [global] [loop-level] Output NaNChecker::NaNmask and take action according to NaNChecker::action_if_found
        GROUP SphericalSurface_HasBeenSet: Set the spherical surfaces before this group, and use it afterwards
          SphericalSurface::SphericalSurface_CheckState: [global] Test the state of the spherical surfaces
        GROUP MaskBase_SetupMask: Set up the weight function
          GROUP MaskBase_SetupMaskAll: Set up the weight function
            CarpetReduce::MaskBase_AllocateMask: [global] Allocate the weight function
            CarpetReduce::MaskBase_InitMask: [global] [loop-local] Initialise the weight function
            GROUP SetupIMaskInternal: Set up the integer weight function (schedule other routines in here)
              CarpetReduce::CoordBase_SetupMask: [global] [loop-local] Set up the outer boundaries of the weight function
              CarpetReduce::CarpetMaskSetup: [global] [loop-singlemap] Set up the weight function for the restriction regions
            GROUP SetupIMask: Set up the integer weight function (schedule other routines in here)
              CarpetMask::CarpetExcludedSetup: [global] [loop-local] Set up the weight function for the excluded regions
              CarpetMask::CarpetSurfaceSetup: [global] [loop-local] Set up the weight function for the excluded spherical surfaces
            CarpetReduce::MaskBase_SetMask: [global] [loop-local] Set the weight function
            GROUP SetupMask: Set up the real weight function (schedule other routines in here)
            CarpetReduce::MaskBase_TestMask: [global] Test the weight function
    endif
    if (recover initial data)
      [CCTK_BASEGRID]
        ADMBase::ADMBase_SetShiftStateOn: Set the shift_state variable to 1
        ADMBase::ADMBase_SetDtLapseStateOff: Set the dtlapse_state variable to 0
        ADMBase::ADMBase_SetDtShiftStateOff: Set the dtshift_state variable to 0
        ADMMacros::ADMMacros_SetLocalSpatialOrder: Initialize the local_spatial_order
        CartGrid3D::CartGrid3D_SetRanges: Set up ranges for spatial 3D Cartesian coordinates (on all grids)
        CarpetIOASCII::CarpetIOASCIIInit: [global] Initialisation routine
        CarpetIOBasic::CarpetIOBasicInit: [global] Initialisation routine
        CarpetIOScalar::CarpetIOScalarInit: [global] Initialisation routine
        CartGrid3D::SpatialCoordinates: Set up spatial 3D Cartesian coordinates on the GH
        SphericalSurface::SphericalSurface_SetupRes: [global] [loop-local] Set surface resolution automatically
        AHFinderDirect::AHFinderDirect_setup: [global] setup data structures
        NaNChecker::NaNChecker_ResetCounter: [global] Reset the NaNChecker::NaNsFound counter
        SphericalSurface::SphericalSurface_Setup: [global] Calculate surface coordinate descriptors
        GROUP MaskBase_SetupMask: Set up the weight function
          GROUP MaskBase_SetupMaskAll: Set up the weight function
            CarpetReduce::MaskBase_AllocateMask: [global] Allocate the weight function
            CarpetReduce::MaskBase_InitMask: [global] [loop-local] Initialise the weight function
            GROUP SetupIMaskInternal: Set up the integer weight function (schedule other routines in here)
              CarpetReduce::CoordBase_SetupMask: [global] [loop-local] Set up the outer boundaries of the weight function
              CarpetReduce::CarpetMaskSetup: [global] [loop-singlemap] Set up the weight function for the restriction regions
            GROUP SetupIMask: Set up the integer weight function (schedule other routines in here)
              CarpetMask::CarpetExcludedSetup: [global] [loop-local] Set up the weight function for the excluded regions
              CarpetMask::CarpetSurfaceSetup: [global] [loop-local] Set up the weight function for the excluded spherical surfaces
            CarpetReduce::MaskBase_SetMask: [global] [loop-local] Set the weight function
            GROUP SetupMask: Set up the real weight function (schedule other routines in here)
            CarpetReduce::MaskBase_TestMask: [global] Test the weight function
        SphericalSurface::SphericalSurface_Set: [global] Set surface radii to be used for initial setup in other thorns
        GROUP SphericalSurface_HasBeenSet: Set the spherical surfaces before this group, and use it afterwards
          SphericalSurface::SphericalSurface_CheckState: [global] Test the state of the spherical surfaces
        SymBase::SymBase_Check: Check whether the driver set up the grid consistently
        Time::Time_Initialise: [global] Initialise Time variables
        Time::Time_Simple: [singlemap] Set timestep based on Courant condition (courant_static)
        TmunuBase::TmunuBase_SetStressEnergyState: [global] Set the stress_energy_state variable
      [CCTK_RECOVER_VARIABLES]
      [CCTK_POST_RECOVER_VARIABLES]
        AHFinderDirect::AHFinderDirect_recover: [global] import horizon data from Cactus variables
        GROUP MaskBase_SetupMask: Set up the weight function
          GROUP MaskBase_SetupMaskAll: Set up the weight function
            CarpetReduce::MaskBase_AllocateMask: [global] Allocate the weight function
            CarpetReduce::MaskBase_InitMask: [global] [loop-local] Initialise the weight function
            GROUP SetupIMaskInternal: Set up the integer weight function (schedule other routines in here)
              CarpetReduce::CoordBase_SetupMask: [global] [loop-local] Set up the outer boundaries of the weight function
              CarpetReduce::CarpetMaskSetup: [global] [loop-singlemap] Set up the weight function for the restriction regions
            GROUP SetupIMask: Set up the integer weight function (schedule other routines in here)
              CarpetMask::CarpetExcludedSetup: [global] [loop-local] Set up the weight function for the excluded regions
              CarpetMask::CarpetSurfaceSetup: [global] [loop-local] Set up the weight function for the excluded spherical surfaces
            CarpetReduce::MaskBase_SetMask: [global] [loop-local] Set the weight function
            GROUP SetupMask: Set up the real weight function (schedule other routines in here)
            CarpetReduce::MaskBase_TestMask: [global] Test the weight function
        GROUP zzz_NaNChecker_NaNCheck: Check for NaNs and count them in NaNChecker::NaNsFound
          NaNChecker::NaNChecker_NaNCheck_Prepare: [level] Prepare data structures to check for NaNs
          NaNChecker::NaNChecker_NaNCheck_Check: [local] Check for NaNs
          NaNChecker::NaNChecker_NaNCheck_Finish: [level] Count NaNs in NaNChecker::NaNsFound
        NaNChecker::NaNChecker_TakeAction: [global] [loop-level] Output NaNChecker::NaNmask and take action according to NaNChecker::action_if_found
    endif
    if (checkpoint initial data)
      [CCTK_CPINITIAL]
    endif
    if (analysis)
      [CCTK_ANALYSIS]
        CarpetLib::CarpetLib_printtimestats: [global] Print timing statistics if desired
        CarpetLib::CarpetLib_printmemstats: [global] Print memory statistics if desired
        LoopControl::lc_printstats_analysis: [meta] Output loop control statistics
        QuasiLocalMeasures::qlm_calculate: [global] Calculate quasi-local quantities
  endif
  Output grid variables

  do loop over timesteps
    [CCTK_PREREGRID]
    Change grid hierarchy
    [CCTK_POSTREGRID]
      AHFinderDirect::AHFinderDirect_maybe_do_masks: [global] [loop-local] set mask(s) based on apparent horizon position(s)
      CartGrid3D::SpatialCoordinates: Set Coordinates after regridding
      GROUP MaskBase_SetupMask: Set up the weight function
        GROUP MaskBase_SetupMaskAll: Set up the weight function
          CarpetReduce::MaskBase_AllocateMask: [global] Allocate the weight function
          CarpetReduce::MaskBase_InitMask: [global] [loop-local] Initialise the weight function
          GROUP SetupIMaskInternal: Set up the integer weight function (schedule other routines in here)
            CarpetReduce::CoordBase_SetupMask: [global] [loop-local] Set up the outer boundaries of the weight function
            CarpetReduce::CarpetMaskSetup: [global] [loop-singlemap] Set up the weight function for the restriction regions
          GROUP SetupIMask: Set up the integer weight function (schedule other routines in here)
            CarpetMask::CarpetExcludedSetup: [global] [loop-local] Set up the weight function for the excluded regions
            CarpetMask::CarpetSurfaceSetup: [global] [loop-local] Set up the weight function for the excluded spherical surfaces
          CarpetReduce::MaskBase_SetMask: [global] [loop-local] Set the weight function
          GROUP SetupMask: Set up the real weight function (schedule other routines in here)
          CarpetReduce::MaskBase_TestMask: [global] Test the weight function
    Rotate timelevels
    iteration = iteration+1
    t = t+dt
    [CCTK_PRESTEP]
      CoordGauge::Einstein_SetNextSlicing: Identify the slicing for the next iteration
      Exact::Exact__gauge: Set evolution lapse and/or shift from exact solution on a trivial slice
      Exact::Exact__initialize: Set data from exact solution on an exact slice
      NaNChecker::NaNChecker_ResetCounter: [global] Reset the NaNChecker::NaNsFound counter
    [CCTK_EVOL]
    Evolve finer grids recursively
    Restrict from finer grids
    [CCTK_POSTRESTRICT]
    [CCTK_POSTSTEP]
      AHFinderDirect::AHFinderDirect_import_mask: [global] [loop-local] import the excision mask
      AHFinderDirect::AHFinderDirect_find_horizons: [global] find apparent horizon(s) after this time step
      AHFinderDirect::AHFinderDirect_store: [global] store apparent horizon(s) into spherical surface(s)
      AHFinderDirect::AHFinderDirect_save: [global] save apparent horizon(s) into Cactus variables
      AHFinderDirect::AHFinderDirect_maybe_do_masks: [global] [loop-local] set mask(s) based on apparent horizon position(s)
      SphericalSurface::SphericalSurface_Set: [global] Set surface radii
      GROUP zzz_NaNChecker_NaNCheck: Check for NaNs and count them in NaNChecker::NaNsFound
        NaNChecker::NaNChecker_NaNCheck_Prepare: [level] Prepare data structures to check for NaNs
        NaNChecker::NaNChecker_NaNCheck_Check: [local] Check for NaNs
        NaNChecker::NaNChecker_NaNCheck_Finish: [level] Count NaNs in NaNChecker::NaNsFound
      NaNChecker::NaNChecker_TakeAction: [global] [loop-level] Output NaNChecker::NaNmask and take action according to NaNChecker::action_if_found
      GROUP SphericalSurface_HasBeenSet: Set the spherical surfaces before this group, and use it afterwards
        SphericalSurface::SphericalSurface_CheckState: [global] Test the state of the spherical surfaces
      GROUP MaskBase_SetupMask: Set up the weight function
        GROUP MaskBase_SetupMaskAll: Set up the weight function
          CarpetReduce::MaskBase_AllocateMask: [global] Allocate the weight function
          CarpetReduce::MaskBase_InitMask: [global] [loop-local] Initialise the weight function
          GROUP SetupIMaskInternal: Set up the integer weight function (schedule other routines in here)
            CarpetReduce::CoordBase_SetupMask: [global] [loop-local] Set up the outer boundaries of the weight function
            CarpetReduce::CarpetMaskSetup: [global] [loop-singlemap] Set up the weight function for the restriction regions
          GROUP SetupIMask: Set up the integer weight function (schedule other routines in here)
            CarpetMask::CarpetExcludedSetup: [global] [loop-local] Set up the weight function for the excluded regions
            CarpetMask::CarpetSurfaceSetup: [global] [loop-local] Set up the weight function for the excluded spherical surfaces
          CarpetReduce::MaskBase_SetMask: [global] [loop-local] Set the weight function
          GROUP SetupMask: Set up the real weight function (schedule other routines in here)
          CarpetReduce::MaskBase_TestMask: [global] Test the weight function
  if (checkpoint)
    [CCTK_CHECKPOINT]
  endif
  if (analysis)
    [CCTK_ANALYSIS]
      CarpetLib::CarpetLib_printtimestats: [global] Print timing statistics if desired
      CarpetLib::CarpetLib_printmemstats: [global] Print memory statistics if desired
      LoopControl::lc_printstats_analysis: [meta] Output loop control statistics
      QuasiLocalMeasures::qlm_calculate: [global] Calculate quasi-local quantities
  endif
  Output grid variables
  enddo

  Termination routines
    [CCTK_TERMINATE]
      LoopControl::lc_printstats_terminate: [meta] Output loop control statistics

  Shutdown routines
    [CCTK_SHUTDOWN]

  Routines run after changing the grid hierarchy:
    [CCTK_POSTREGRID]
      AHFinderDirect::AHFinderDirect_maybe_do_masks: [global] [loop-local] set mask(s) based on apparent horizon position(s)
      CartGrid3D::SpatialCoordinates: Set Coordinates after regridding
      GROUP MaskBase_SetupMask: Set up the weight function
        GROUP MaskBase_SetupMaskAll: Set up the weight function
          CarpetReduce::MaskBase_AllocateMask: [global] Allocate the weight function
          CarpetReduce::MaskBase_InitMask: [global] [loop-local] Initialise the weight function
          GROUP SetupIMaskInternal: Set up the integer weight function (schedule other routines in here)
            CarpetReduce::CoordBase_SetupMask: [global] [loop-local] Set up the outer boundaries of the weight function
            CarpetReduce::CarpetMaskSetup: [global] [loop-singlemap] Set up the weight function for the restriction regions
          GROUP SetupIMask: Set up the integer weight function (schedule other routines in here)
            CarpetMask::CarpetExcludedSetup: [global] [loop-local] Set up the weight function for the excluded regions
            CarpetMask::CarpetSurfaceSetup: [global] [loop-local] Set up the weight function for the excluded spherical surfaces
          CarpetReduce::MaskBase_SetMask: [global] [loop-local] Set the weight function
          GROUP SetupMask: Set up the real weight function (schedule other routines in here)
          CarpetReduce::MaskBase_TestMask: [global] Test the weight function
--------------------------------------------------------------------------------
INFO (Carpet): Multi-Model listing:
   model 0: "world"
INFO (Carpet): Multi-Model process distribution:
   processes 0-1: model 0 "world"
INFO (Carpet): Multi-Model: This is process 0, model 0 "world"
Current core file size limit: hard=[unlimited], soft=0 MB
Current memory size limit: hard=[unlimited], soft=[unlimited]
--------------------------------------------------------------------------------
AMR driver provided by Carpet
--------------------------------------------------------------------------------
AMR info I/O provided by CarpetIOBasic
--------------------------------------------------------------------------------
AMR scalar I/O provided by CarpetIOScalar
--------------------------------------------------------------------------------
AMR 0D ASCII I/O provided by CarpetIOASCII
--------------------------------------------------------------------------------
AMR 1D ASCII I/O provided by CarpetIOASCII
--------------------------------------------------------------------------------
AMR 2D ASCII I/O provided by CarpetIOASCII
--------------------------------------------------------------------------------
AMR 3D ASCII I/O provided by CarpetIOASCII
--------------------------------------------------------------------------------

INFO (Carpet): MPI is enabled
INFO (Carpet): Carpet is running on 2 processes
INFO (Carpet): This is process 0
INFO (Carpet): OpenMP is enabled
INFO (Carpet): This process contains 4 threads, this is thread 0
INFO (Carpet): There are 8 threads in total
INFO (Carpet): There are 4 threads per process
INFO (Carpet): Host listing:
   host 0: "numrel07.cct.lsu.edu"
INFO (Carpet): Host/process mapping:
   processes 0-1: host 0 "numrel07.cct.lsu.edu"
INFO (Carpet): Host mapping: This is process 0, host 0 "numrel07.cct.lsu.edu"
INFO (Carpet): This process runs on host numrel07.cct.lsu.edu, pid=19027
INFO (Carpet): This process runs on 4 cores: 0-3
INFO (Carpet): This simulation is running in 3 dimensions
INFO (Carpet): [tl=0] Boundary specification for map 0:
   nboundaryzones: [[3,3,3],[3,3,3]]
   is_internal   : [[0,0,0],[0,0,0]]
   is_staggered  : [[0,0,0],[0,0,0]]
   shiftout      : [[1,1,0],[0,0,0]]
INFO (Carpet): [tl=0] CoordBase domain specification for map 0:
   physical extent: [0,0,-4] : [4,4,4]   ([4,4,8])
   interior extent: [0,0,-3.875] : [3.875,3.875,3.875]   ([3.875,3.875,7.75])
   exterior extent: [-0.375,-0.375,-4.25] : [4.25,4.25,4.25]   ([4.625,4.625,8.5])
   base_spacing   : [0.125,0.125,0.125]
INFO (Carpet): [tl=0] Adapted domain specification for map 0:
   convergence factor: 2
   convergence level : 0
   physical extent   : [0,0,-4] : [4,4,4]   ([4,4,8])
   interior extent   : [0,0,-3.875] : [3.875,3.875,3.875]   ([3.875,3.875,7.75])
   exterior extent   : [-0.375,-0.375,-4.25] : [4.25,4.25,4.25]   ([4.625,4.625,8.5])
   spacing           : [0.125,0.125,0.125]
INFO (Carpet): [tl=0] Base grid specification for map 0:
   number of grid points             : [38,38,69]
   number of coarse grid ghost points: [[3,3,3],[3,3,3]]
INFO (Carpet): Buffer zone counts (excluding ghosts):
   [0]: [[0,0,0],[0,0,0]]
INFO (Carpet): Overlap zone counts:
   [0]: [[0,0,0],[0,0,0]]
INFO (Carpet): Group and variable statistics:
INFO (Carpet):    There are 164 grid functions in 30 groups
INFO (Carpet):    There are 215 grid scalars in 45 groups
INFO (Carpet):    There are 6 1-dimensional grid arrays in 2 groups
INFO (Carpet):    There are 69 2-dimensional grid arrays in 16 groups
INFO (Carpet):    There are 1 3-dimensional grid arrays in 1 groups
INFO (Carpet):    (The number of variables counts all time levels)
INFO (CarpetIOScalar): Periodic scalar output requested for:
   ADMBASE::gxx
   ADMBASE::gxy
   ADMBASE::gxz
   ADMBASE::gyy
   ADMBASE::gyz
   ADMBASE::gzz
   ADMBASE::kxx
   ADMBASE::kxy
   ADMBASE::kxz
   ADMBASE::kyy
   ADMBASE::kyz
   ADMBASE::kzz
   ADMBASE::alp
   ADMBASE::betax
   ADMBASE::betay
   ADMBASE::betaz
   CARPETREDUCE::weight
   QUASILOCALMEASURES::qlm_shape[0]
   QUASILOCALMEASURES::qlm_x[0]
   QUASILOCALMEASURES::qlm_y[0]
   QUASILOCALMEASURES::qlm_z[0]
   QUASILOCALMEASURES::qlm_l0[0]
   QUASILOCALMEASURES::qlm_l1[0]
   QUASILOCALMEASURES::qlm_l2[0]
   QUASILOCALMEASURES::qlm_l3[0]
   QUASILOCALMEASURES::qlm_n0[0]
   QUASILOCALMEASURES::qlm_n1[0]
   QUASILOCALMEASURES::qlm_n2[0]
   QUASILOCALMEASURES::qlm_n3[0]
   QUASILOCALMEASURES::qlm_phi00[0]
   QUASILOCALMEASURES::qlm_phi11[0]
   QUASILOCALMEASURES::qlm_phi01[0]
   QUASILOCALMEASURES::qlm_phi12[0]
   QUASILOCALMEASURES::qlm_phi10[0]
   QUASILOCALMEASURES::qlm_phi21[0]
   QUASILOCALMEASURES::qlm_phi02[0]
   QUASILOCALMEASURES::qlm_phi22[0]
   QUASILOCALMEASURES::qlm_phi20[0]
   QUASILOCALMEASURES::qlm_lambda[0]
   QUASILOCALMEASURES::qlm_lie_n_theta_l[0]
   QUASILOCALMEASURES::qlm_qtt[0]
   QUASILOCALMEASURES::qlm_qtp[0]
   QUASILOCALMEASURES::qlm_qpp[0]
   QUASILOCALMEASURES::qlm_rsc[0]
   QUASILOCALMEASURES::qlm_xi_t[0]
   QUASILOCALMEASURES::qlm_xi_p[0]
   QUASILOCALMEASURES::qlm_chi[0]
   QUASILOCALMEASURES::qlm_lqtt[0]
   QUASILOCALMEASURES::qlm_lqtp[0]
   QUASILOCALMEASURES::qlm_lqpp[0]
   QUASILOCALMEASURES::qlm_inv_z[0]
   QUASILOCALMEASURES::qlm_3det[0]
   SPHERICALSURFACE::sf_radius[0]
INFO (CarpetIOASCII): I/O Method 'IOASCII_0D' registered: 0D AMR output of grid variables to ASCII files
INFO (CarpetIOASCII): Periodic 0D AMR output requested for:
   CARPETREDUCE::weight
   QUASILOCALMEASURES::qlm_calc_error[0]
   QUASILOCALMEASURES::qlm_have_valid_data[0]
   QUASILOCALMEASURES::qlm_have_killing_vector[0]
   QUASILOCALMEASURES::qlm_timederiv_order[0]
   QUASILOCALMEASURES::qlm_iteration[0]
   QUASILOCALMEASURES::qlm_nghoststheta[0]
   QUASILOCALMEASURES::qlm_nghostsphi[0]
   QUASILOCALMEASURES::qlm_ntheta[0]
   QUASILOCALMEASURES::qlm_nphi[0]
   QUASILOCALMEASURES::qlm_origin_x[0]
   QUASILOCALMEASURES::qlm_origin_y[0]
   QUASILOCALMEASURES::qlm_origin_z[0]
   QUASILOCALMEASURES::qlm_origin_theta[0]
   QUASILOCALMEASURES::qlm_origin_phi[0]
   QUASILOCALMEASURES::qlm_delta_theta[0]
   QUASILOCALMEASURES::qlm_delta_phi[0]
   QUASILOCALMEASURES::qlm_mp_m0[0]
   QUASILOCALMEASURES::qlm_mp_m1[0]
   QUASILOCALMEASURES::qlm_mp_m2[0]
   QUASILOCALMEASURES::qlm_mp_m3[0]
   QUASILOCALMEASURES::qlm_mp_m4[0]
   QUASILOCALMEASURES::qlm_mp_m5[0]
   QUASILOCALMEASURES::qlm_mp_m6[0]
   QUASILOCALMEASURES::qlm_mp_m7[0]
   QUASILOCALMEASURES::qlm_mp_m8[0]
   QUASILOCALMEASURES::qlm_mp_j0[0]
   QUASILOCALMEASURES::qlm_mp_j1[0]
   QUASILOCALMEASURES::qlm_mp_j2[0]
   QUASILOCALMEASURES::qlm_mp_j3[0]
   QUASILOCALMEASURES::qlm_mp_j4[0]
   QUASILOCALMEASURES::qlm_mp_j5[0]
   QUASILOCALMEASURES::qlm_mp_j6[0]
   QUASILOCALMEASURES::qlm_mp_j7[0]
   QUASILOCALMEASURES::qlm_mp_j8[0]
   QUASILOCALMEASURES::qlm_time[0]
   QUASILOCALMEASURES::qlm_equatorial_circumference[0]
   QUASILOCALMEASURES::qlm_polar_circumference_0[0]
   QUASILOCALMEASURES::qlm_polar_circumference_pi_2[0]
   QUASILOCALMEASURES::qlm_area[0]
   QUASILOCALMEASURES::qlm_irreducible_mass[0]
   QUASILOCALMEASURES::qlm_radius[0]
   QUASILOCALMEASURES::qlm_spin_guess[0]
   QUASILOCALMEASURES::qlm_mass_guess[0]
   QUASILOCALMEASURES::qlm_killing_eigenvalue_re[0]
   QUASILOCALMEASURES::qlm_killing_eigenvalue_im[0]
   QUASILOCALMEASURES::qlm_spin[0]
   QUASILOCALMEASURES::qlm_npspin[0]
   QUASILOCALMEASURES::qlm_wsspin[0]
   QUASILOCALMEASURES::qlm_cvspin[0]
   QUASILOCALMEASURES::qlm_coordspinx[0]
   QUASILOCALMEASURES::qlm_coordspiny[0]
   QUASILOCALMEASURES::qlm_coordspinz[0]
   QUASILOCALMEASURES::qlm_mass[0]
   QUASILOCALMEASURES::qlm_adm_energy[0]
   QUASILOCALMEASURES::qlm_adm_momentum_x[0]
   QUASILOCALMEASURES::qlm_adm_momentum_y[0]
   QUASILOCALMEASURES::qlm_adm_momentum_z[0]
   QUASILOCALMEASURES::qlm_adm_angular_momentum_x[0]
   QUASILOCALMEASURES::qlm_adm_angular_momentum_y[0]
   QUASILOCALMEASURES::qlm_adm_angular_momentum_z[0]
   QUASILOCALMEASURES::qlm_ll_energy[0]
   QUASILOCALMEASURES::qlm_ll_momentum_x[0]
   QUASILOCALMEASURES::qlm_ll_momentum_y[0]
   QUASILOCALMEASURES::qlm_ll_momentum_z[0]
   QUASILOCALMEASURES::qlm_ll_angular_momentum_x[0]
   QUASILOCALMEASURES::qlm_ll_angular_momentum_y[0]
   QUASILOCALMEASURES::qlm_ll_angular_momentum_z[0]
   SPHERICALSURFACE::sf_valid[0]
   SPHERICALSURFACE::sf_area[0]
   SPHERICALSURFACE::sf_mean_radius[0]
   SPHERICALSURFACE::sf_centroid_x[0]
   SPHERICALSURFACE::sf_centroid_y[0]
   SPHERICALSURFACE::sf_centroid_z[0]
   SPHERICALSURFACE::sf_quadrupole_xx[0]
   SPHERICALSURFACE::sf_quadrupole_xy[0]
   SPHERICALSURFACE::sf_quadrupole_xz[0]
   SPHERICALSURFACE::sf_quadrupole_yy[0]
   SPHERICALSURFACE::sf_quadrupole_yz[0]
   SPHERICALSURFACE::sf_quadrupole_zz[0]
   SPHERICALSURFACE::sf_min_radius[0]
   SPHERICALSURFACE::sf_max_radius[0]
   SPHERICALSURFACE::sf_min_x[0]
   SPHERICALSURFACE::sf_min_y[0]
   SPHERICALSURFACE::sf_min_z[0]
   SPHERICALSURFACE::sf_max_x[0]
   SPHERICALSURFACE::sf_max_y[0]
   SPHERICALSURFACE::sf_max_z[0]
   SPHERICALSURFACE::sf_origin_x[0]
   SPHERICALSURFACE::sf_origin_y[0]
   SPHERICALSURFACE::sf_origin_z[0]
   SPHERICALSURFACE::sf_origin_theta[0]
   SPHERICALSURFACE::sf_origin_phi[0]
   SPHERICALSURFACE::sf_delta_theta[0]
   SPHERICALSURFACE::sf_delta_phi[0]
INFO (CarpetIOASCII): I/O Method 'IOASCII_1D' registered: 1D AMR output of grid variables to ASCII files
INFO (CarpetIOASCII): Periodic 1D AMR output requested for:
   CARPETREDUCE::weight
   QUASILOCALMEASURES::qlm_shape[0]
   QUASILOCALMEASURES::qlm_x[0]
   QUASILOCALMEASURES::qlm_y[0]
   QUASILOCALMEASURES::qlm_z[0]
   QUASILOCALMEASURES::qlm_l0[0]
   QUASILOCALMEASURES::qlm_l1[0]
   QUASILOCALMEASURES::qlm_l2[0]
   QUASILOCALMEASURES::qlm_l3[0]
   QUASILOCALMEASURES::qlm_n0[0]
   QUASILOCALMEASURES::qlm_n1[0]
   QUASILOCALMEASURES::qlm_n2[0]
   QUASILOCALMEASURES::qlm_n3[0]
   QUASILOCALMEASURES::qlm_m0[0]
   QUASILOCALMEASURES::qlm_m1[0]
   QUASILOCALMEASURES::qlm_m2[0]
   QUASILOCALMEASURES::qlm_m3[0]
   QUASILOCALMEASURES::qlm_npkappa[0]
   QUASILOCALMEASURES::qlm_nptau[0]
   QUASILOCALMEASURES::qlm_npsigma[0]
   QUASILOCALMEASURES::qlm_nprho[0]
   QUASILOCALMEASURES::qlm_npepsilon[0]
   QUASILOCALMEASURES::qlm_npgamma[0]
   QUASILOCALMEASURES::qlm_npbeta[0]
   QUASILOCALMEASURES::qlm_npalpha[0]
   QUASILOCALMEASURES::qlm_nppi[0]
   QUASILOCALMEASURES::qlm_npnu[0]
   QUASILOCALMEASURES::qlm_npmu[0]
   QUASILOCALMEASURES::qlm_nplambda[0]
   QUASILOCALMEASURES::qlm_psi0[0]
   QUASILOCALMEASURES::qlm_psi1[0]
   QUASILOCALMEASURES::qlm_psi2[0]
   QUASILOCALMEASURES::qlm_psi3[0]
   QUASILOCALMEASURES::qlm_psi4[0]
   QUASILOCALMEASURES::qlm_i[0]
   QUASILOCALMEASURES::qlm_j[0]
   QUASILOCALMEASURES::qlm_s[0]
   QUASILOCALMEASURES::qlm_sdiff[0]
   QUASILOCALMEASURES::qlm_phi00[0]
   QUASILOCALMEASURES::qlm_phi11[0]
   QUASILOCALMEASURES::qlm_phi01[0]
   QUASILOCALMEASURES::qlm_phi12[0]
   QUASILOCALMEASURES::qlm_phi10[0]
   QUASILOCALMEASURES::qlm_phi21[0]
   QUASILOCALMEASURES::qlm_phi02[0]
   QUASILOCALMEASURES::qlm_phi22[0]
   QUASILOCALMEASURES::qlm_phi20[0]
   QUASILOCALMEASURES::qlm_lambda[0]
   QUASILOCALMEASURES::qlm_lie_n_theta_l[0]
   QUASILOCALMEASURES::qlm_qtt[0]
   QUASILOCALMEASURES::qlm_qtp[0]
   QUASILOCALMEASURES::qlm_qpp[0]
   QUASILOCALMEASURES::qlm_rsc[0]
   QUASILOCALMEASURES::qlm_xi_t[0]
   QUASILOCALMEASURES::qlm_xi_p[0]
   QUASILOCALMEASURES::qlm_chi[0]
   QUASILOCALMEASURES::qlm_lqtt[0]
   QUASILOCALMEASURES::qlm_lqtp[0]
   QUASILOCALMEASURES::qlm_lqpp[0]
   QUASILOCALMEASURES::qlm_inv_z[0]
   QUASILOCALMEASURES::qlm_3det[0]
   SPHERICALSURFACE::sf_radius[0]
INFO (CarpetIOASCII): I/O Method 'IOASCII_2D' registered: 2D AMR output of grid variables to ASCII files
INFO (CarpetIOASCII): I/O Method 'IOASCII_3D' registered: 3D AMR output of grid variables to ASCII files
INFO (SymBase): Symmetry on lower x-face: rotating_symmetry_90
INFO (SymBase): Symmetry on lower y-face: rotating_symmetry_90
INFO (ADMMacros): Spatial finite differencing order: 2
INFO (CartGrid3D): Grid Spacings:
INFO (CartGrid3D): dx=>1.2500000e-01  dy=>1.2500000e-01  dz=>1.2500000e-01
INFO (CartGrid3D): Computational Coordinates:
INFO (CartGrid3D): x=>[-0.375, 4.250]  y=>[-0.375, 4.250]  z=>[-4.250, 4.250]
INFO (CartGrid3D): Indices of Physical Coordinates:
INFO (CartGrid3D): x=>[0,37]  y=>[0,37]  z=>[0,68]
INFO (AHFinderDirect): setting up AHFinderDirect data structures
INFO (AHFinderDirect):            to search for 1 horizon on 2 processors
INFO (AHFinderDirect):       constructing full sphere patch system
INFO (AHFinderDirect):                    at origin (0,0,0)
INFO (AHFinderDirect):                    with 18 angular zones per right angle
INFO (AHFinderDirect):       ==> 2166 nominal, 3174 ghosted angular grid points
INFO (Time): Timestep set to 0.05 (courant_static)
INFO (Exact): setting exact data on slice
INFO (QuasiLocalMeasures): Initialising Quasi-Local Measure calculations
INFO (Exact): setting exact data on slice
INFO (QuasiLocalMeasures): Initialising Quasi-Local Measure calculations
INFO (AHFinderDirect): proc 0: searching for horizon 1/1
INFO (AHFinderDirect): AH 1/1: r=1.68553 at (0.000000,-0.000000,0.000001)
INFO (AHFinderDirect): AH 1/1: area=40.21024287 m_irreducible=0.8944033567
INFO (CarpetReduce): Simulation domain volume:  63076.25
INFO (CarpetReduce): Additional excised volume: 2459.75
INFO (CarpetReduce): Reduction weight sum:      63022.25
WARNING level 1 in thorn CarpetReduce processor 0 host numrel07.cct.lsu.edu
  (line 137 of /home/jhar131/TESTING/einsteintoolkit/2012-05-29-020001/Cactus/arrangements/Carpet/CarpetReduce/src/mask_test.c): 
  -> Simulation domain volume and reduction weight sum differ
INFO (QuasiLocalMeasures): Calculating quasi-local quantities for surface    0
INFO (QuasiLocalMeasures): Importing from spherical surface    0
INFO (QuasiLocalMeasures): Geometric quantities for surface    0:
INFO (QuasiLocalMeasures):    Area A:                            40.2098
INFO (QuasiLocalMeasures):    Irreducible mass M = R/2:         0.894398
INFO (QuasiLocalMeasures):    Areal radius R = sqrt(A/4pi):      1.78880
INFO (QuasiLocalMeasures): Coordinate-dependent quantities for surface    0:
INFO (QuasiLocalMeasures):    Equatorial circumference:             12.5661
INFO (QuasiLocalMeasures):    Polar circumference at phi=0:         10.7250
INFO (QuasiLocalMeasures):    Polar circumference at phi=pi/2:      10.7250
INFO (QuasiLocalMeasures):    Spin guess J from distortion:        0.799979
INFO (QuasiLocalMeasures):    Mass guess M from distortion:        0.999975
INFO (QuasiLocalMeasures): Isolated Horizon quantities for surface    0:
INFO (QuasiLocalMeasures):    Killing vector field eigenvalue norm:      1.00008
INFO (QuasiLocalMeasures):    Spin J:                                   0.801281
INFO (QuasiLocalMeasures):    Kerr spin parameter a = J/M:              0.801040
INFO (QuasiLocalMeasures):    Dimensionless spin parameter a = J/M^2:   0.800799
INFO (QuasiLocalMeasures):    Spin J from NP:                            1.43465
INFO (QuasiLocalMeasures):    Spin J from phi-coordinate-vector:         0.00000
INFO (QuasiLocalMeasures):    Mass M:                                    1.00030
INFO (QuasiLocalMeasures): Global quantities for surface    0:
INFO (QuasiLocalMeasures):    ADM energy:                 0.376230
INFO (QuasiLocalMeasures):    ADM momentum x:            -0.501857E-10
INFO (QuasiLocalMeasures):    ADM momentum y:             0.701138E-10
INFO (QuasiLocalMeasures):    ADM momentum z:             0.378689
INFO (QuasiLocalMeasures):    ADM angular momentum x:    -0.739989E-11
INFO (QuasiLocalMeasures):    ADM angular momentum y:    -0.531360E-11
INFO (QuasiLocalMeasures):    ADM angular momentum z:     0.202819
INFO (QuasiLocalMeasures):    Landau-Lifshitz energy:                 0.862633
INFO (QuasiLocalMeasures):    Landau-Lifshitz momentum x:             0.521972E-12
INFO (QuasiLocalMeasures):    Landau-Lifshitz momentum y:            -0.595146E-11
INFO (QuasiLocalMeasures):    Landau-Lifshitz momentum z:             0.222592
INFO (QuasiLocalMeasures):    Landau-Lifshitz angular momentum x:     0.350734E-10
INFO (QuasiLocalMeasures):    Landau-Lifshitz angular momentum y:     0.425594E-10
INFO (QuasiLocalMeasures):    Landau-Lifshitz angular momentum z:     0.799979
-------------------------------------------------------------------------------
Iteration      Time | *qlm_3det[0] | *m_radius[0] | *qlm_spin[0] | *qlm_mass[0]
                    |        norm2 |              |              |             
-------------------------------------------------------------------------------
        0     0.000 |    0.7634207 |    1.7887958 |    0.8012807 |    1.0003008
INFO (Exact): setting exact data on slice
INFO (AHFinderDirect): proc 0: searching for horizon 1/1
INFO (AHFinderDirect): AH 1/1: r=1.68561 at (0.000000,-0.000000,0.020002)
INFO (AHFinderDirect): AH 1/1: area=40.2103469 m_irreducible=0.8944045137
INFO (CarpetReduce): Simulation domain volume:  63094.5
INFO (CarpetReduce): Additional excised volume: 2441.5
INFO (CarpetReduce): Reduction weight sum:      63012.25
WARNING level 1 in thorn CarpetReduce processor 0 host numrel07.cct.lsu.edu
  (line 137 of /home/jhar131/TESTING/einsteintoolkit/2012-05-29-020001/Cactus/arrangements/Carpet/CarpetReduce/src/mask_test.c): 
  -> Simulation domain volume and reduction weight sum differ
INFO (QuasiLocalMeasures): Calculating quasi-local quantities for surface    0
INFO (QuasiLocalMeasures): Importing from spherical surface    0
INFO (QuasiLocalMeasures): Geometric quantities for surface    0:
INFO (QuasiLocalMeasures):    Area A:                            40.2099
INFO (QuasiLocalMeasures):    Irreducible mass M = R/2:         0.894399
INFO (QuasiLocalMeasures):    Areal radius R = sqrt(A/4pi):      1.78880
INFO (QuasiLocalMeasures): Coordinate-dependent quantities for surface    0:
INFO (QuasiLocalMeasures):    Equatorial circumference:             12.5646
INFO (QuasiLocalMeasures):    Polar circumference at phi=0:         10.7250
INFO (QuasiLocalMeasures):    Polar circumference at phi=pi/2:      10.7250
INFO (QuasiLocalMeasures):    Spin guess J from distortion:        0.799515
INFO (QuasiLocalMeasures):    Mass guess M from distortion:        0.999860
INFO (QuasiLocalMeasures): Isolated Horizon quantities for surface    0:
INFO (QuasiLocalMeasures):    Killing vector field eigenvalue norm:      1.00008
INFO (QuasiLocalMeasures):    Spin J:                                   0.801297
INFO (QuasiLocalMeasures):    Kerr spin parameter a = J/M:              0.801052
INFO (QuasiLocalMeasures):    Dimensionless spin parameter a = J/M^2:   0.800807
INFO (QuasiLocalMeasures):    Spin J from NP:                            1.43465
INFO (QuasiLocalMeasures):    Spin J from phi-coordinate-vector:         0.00000
INFO (QuasiLocalMeasures):    Mass M:                                    1.00031
INFO (QuasiLocalMeasures): Global quantities for surface    0:
INFO (QuasiLocalMeasures):    ADM energy:                 0.376232
INFO (QuasiLocalMeasures):    ADM momentum x:            -0.575056E-10
INFO (QuasiLocalMeasures):    ADM momentum y:             0.799801E-10
INFO (QuasiLocalMeasures):    ADM momentum z:             0.378688
INFO (QuasiLocalMeasures):    ADM angular momentum x:    -0.831873E-11
INFO (QuasiLocalMeasures):    ADM angular momentum y:    -0.578519E-11
INFO (QuasiLocalMeasures):    ADM angular momentum z:     0.202820
INFO (QuasiLocalMeasures):    Landau-Lifshitz energy:                 0.862636
INFO (QuasiLocalMeasures):    Landau-Lifshitz momentum x:             0.229622E-12
INFO (QuasiLocalMeasures):    Landau-Lifshitz momentum y:            -0.611373E-11
INFO (QuasiLocalMeasures):    Landau-Lifshitz momentum z:             0.222591
INFO (QuasiLocalMeasures):    Landau-Lifshitz angular momentum x:     0.384581E-10
INFO (QuasiLocalMeasures):    Landau-Lifshitz angular momentum y:     0.471415E-10
INFO (QuasiLocalMeasures):    Landau-Lifshitz angular momentum z:     0.799979
        1     0.050 |    0.0030378 |    1.7887982 |    0.8012971 |    1.0003057
INFO (Exact): setting exact data on slice
INFO (AHFinderDirect): proc 0: searching for horizon 1/1
INFO (AHFinderDirect): AH 1/1: r=1.68588 at (-0.000000,0.000000,0.040003)
INFO (AHFinderDirect): AH 1/1: area=40.21076043 m_irreducible=0.8944091128
INFO (CarpetReduce): Simulation domain volume:  63024.5
INFO (CarpetReduce): Additional excised volume: 2511.5
INFO (CarpetReduce): Reduction weight sum:      63016
WARNING level 1 in thorn CarpetReduce processor 0 host numrel07.cct.lsu.edu
  (line 137 of /home/jhar131/TESTING/einsteintoolkit/2012-05-29-020001/Cactus/arrangements/Carpet/CarpetReduce/src/mask_test.c): 
  -> Simulation domain volume and reduction weight sum differ
INFO (QuasiLocalMeasures): Calculating quasi-local quantities for surface    0
INFO (QuasiLocalMeasures): Importing from spherical surface    0
INFO (QuasiLocalMeasures): Geometric quantities for surface    0:
INFO (QuasiLocalMeasures):    Area A:                            40.2103
INFO (QuasiLocalMeasures):    Irreducible mass M = R/2:         0.894404
INFO (QuasiLocalMeasures):    Areal radius R = sqrt(A/4pi):      1.78881
INFO (QuasiLocalMeasures): Coordinate-dependent quantities for surface    0:
INFO (QuasiLocalMeasures):    Equatorial circumference:             12.5603
INFO (QuasiLocalMeasures):    Polar circumference at phi=0:         10.7251
INFO (QuasiLocalMeasures):    Polar circumference at phi=pi/2:      10.7251
INFO (QuasiLocalMeasures):    Spin guess J from distortion:        0.798122
INFO (QuasiLocalMeasures):    Mass guess M from distortion:        0.999515
INFO (QuasiLocalMeasures): Isolated Horizon quantities for surface    0:
INFO (QuasiLocalMeasures):    Killing vector field eigenvalue norm:      1.00008
INFO (QuasiLocalMeasures):    Spin J:                                   0.801154
INFO (QuasiLocalMeasures):    Kerr spin parameter a = J/M:              0.800936
INFO (QuasiLocalMeasures):    Dimensionless spin parameter a = J/M^2:   0.800717
INFO (QuasiLocalMeasures):    Spin J from NP:                            1.43435
INFO (QuasiLocalMeasures):    Spin J from phi-coordinate-vector:         0.00000
INFO (QuasiLocalMeasures):    Mass M:                                    1.00027
INFO (QuasiLocalMeasures): Global quantities for surface    0:
INFO (QuasiLocalMeasures):    ADM energy:                 0.376234
INFO (QuasiLocalMeasures):    ADM momentum x:            -0.634674E-10
INFO (QuasiLocalMeasures):    ADM momentum y:             0.877035E-10
INFO (QuasiLocalMeasures):    ADM momentum z:             0.378686
INFO (QuasiLocalMeasures):    ADM angular momentum x:    -0.912390E-11
INFO (QuasiLocalMeasures):    ADM angular momentum y:    -0.629759E-11
INFO (QuasiLocalMeasures):    ADM angular momentum z:     0.202821
INFO (QuasiLocalMeasures):    Landau-Lifshitz energy:                 0.862637
INFO (QuasiLocalMeasures):    Landau-Lifshitz momentum x:            -0.244175E-12
INFO (QuasiLocalMeasures):    Landau-Lifshitz momentum y:            -0.620457E-11
INFO (QuasiLocalMeasures):    Landau-Lifshitz momentum z:             0.222591
INFO (QuasiLocalMeasures):    Landau-Lifshitz angular momentum x:     0.406203E-10
INFO (QuasiLocalMeasures):    Landau-Lifshitz angular momentum y:     0.499161E-10
INFO (QuasiLocalMeasures):    Landau-Lifshitz angular momentum z:     0.799978
        2     0.100 |    0.0004901 |    1.7888073 |    0.8011544 |    1.0002730
INFO (Exact): setting exact data on slice
INFO (AHFinderDirect): proc 0: searching for horizon 1/1
INFO (AHFinderDirect): AH 1/1: r=1.6863 at (0.000000,-0.000000,0.060002)
INFO (AHFinderDirect): AH 1/1: area=40.21117466 m_irreducible=0.8944137196
INFO (QuasiLocalMeasures): Calculating quasi-local quantities for surface    0
INFO (QuasiLocalMeasures): Importing from spherical surface    0
INFO (QuasiLocalMeasures): Geometric quantities for surface    0:
INFO (QuasiLocalMeasures):    Area A:                            40.2107
INFO (QuasiLocalMeasures):    Irreducible mass M = R/2:         0.894408
INFO (QuasiLocalMeasures):    Areal radius R = sqrt(A/4pi):      1.78882
INFO (QuasiLocalMeasures): Coordinate-dependent quantities for surface    0:
INFO (QuasiLocalMeasures):    Equatorial circumference:             12.5530
INFO (QuasiLocalMeasures):    Polar circumference at phi=0:         10.7251
INFO (QuasiLocalMeasures):    Polar circumference at phi=pi/2:      10.7251
INFO (QuasiLocalMeasures):    Spin guess J from distortion:        0.795792
INFO (QuasiLocalMeasures):    Mass guess M from distortion:        0.998937
INFO (QuasiLocalMeasures): Isolated Horizon quantities for surface    0:
INFO (QuasiLocalMeasures):    Killing vector field eigenvalue norm:      1.00008
INFO (QuasiLocalMeasures):    Spin J:                                   0.801012
INFO (QuasiLocalMeasures):    Kerr spin parameter a = J/M:              0.800819
INFO (QuasiLocalMeasures):    Dimensionless spin parameter a = J/M^2:   0.800627
INFO (QuasiLocalMeasures):    Spin J from NP:                            1.43406
INFO (QuasiLocalMeasures):    Spin J from phi-coordinate-vector:         0.00000
INFO (QuasiLocalMeasures):    Mass M:                                    1.00024
INFO (QuasiLocalMeasures): Global quantities for surface    0:
INFO (QuasiLocalMeasures):    ADM energy:                 0.376235
INFO (QuasiLocalMeasures):    ADM momentum x:            -0.700659E-10
INFO (QuasiLocalMeasures):    ADM momentum y:             0.961879E-10
INFO (QuasiLocalMeasures):    ADM momentum z:             0.378688
INFO (QuasiLocalMeasures):    ADM angular momentum x:    -0.990824E-11
INFO (QuasiLocalMeasures):    ADM angular momentum y:    -0.681581E-11
INFO (QuasiLocalMeasures):    ADM angular momentum z:     0.202822
INFO (QuasiLocalMeasures):    Landau-Lifshitz energy:                 0.862637
INFO (QuasiLocalMeasures):    Landau-Lifshitz momentum x:            -0.784529E-12
INFO (QuasiLocalMeasures):    Landau-Lifshitz momentum y:            -0.641036E-11
INFO (QuasiLocalMeasures):    Landau-Lifshitz momentum z:             0.222590
INFO (QuasiLocalMeasures):    Landau-Lifshitz angular momentum x:     0.428187E-10
INFO (QuasiLocalMeasures):    Landau-Lifshitz angular momentum y:     0.529743E-10
INFO (QuasiLocalMeasures):    Landau-Lifshitz angular momentum z:     0.799978
        3     0.150 |    0.0003594 |    1.7888164 |    0.8010118 |    1.0002403
LoopControl timing statistics:
Loop #0 "CarpetSurfaceSetup_all":
   total count: 16   total setup: 0.0347546   total calc: 0.111924
   avg calc: 0.00699526   avg first calc: 0.00672362
   avg improvement: -4%   saved: -0.00434622 seconds
Loop #1 "MaskBase_SetMask_all":
   total count: 20   total setup: 0.034471   total calc: 0.037831
   avg calc: 0.00189155   avg first calc: 0.00177636
   avg improvement: -6%   saved: -0.00230367 seconds
Loop #2 "CoordBase_SetupMask_ghost":
   total count: 20   total setup: 0.0167071   total calc: 0.0191993
   avg calc: 0.000959966   avg first calc: 0.000934121
   avg improvement: -3%   saved: -0.0005169 seconds
Loop #3 "CoordBase_SetupMask_boundary2":
   total count: 100   total setup: 0.117306   total calc: 0.0986486
   avg calc: 0.000986486   avg first calc: 0.000943975
   avg improvement: -5%   saved: -0.00425111 seconds
Loop #4 "CoordBase_SetupMask_boundary":
   total count: 100   total setup: 0.106593   total calc: 0.103245
   avg calc: 0.00103245   avg first calc: 0.0010147
   avg improvement: -2%   saved: -0.00177531 seconds
Loop #5 "MaskBase_InitMask_all":
   total count: 20   total setup: 0.0309912   total calc: 0.0538315
   avg calc: 0.00269158   avg first calc: 0.00260127
   avg improvement: -3%   saved: -0.00180611 seconds
Total calculation time: 0.42468 seconds; total saved time: -0.0149993 seconds
--------------------------------------------------------------------------------
Done.
