/home/jhar131/TESTING/einsteintoolkit/2012-05-29-020001/Cactus/TEST/sim/WaveToyC
--------------------------------------------------------------------------------

       10                                  
  1   0101       ************************  
  01  1010 10      The Cactus Code V4.0    
 1010 1101 011      www.cactuscode.org     
  1001 100101    ************************  
    00010101                               
     100011     (c) Copyright The Authors  
      0100      GNU Licensed. No Warranty  
      0101                                 

--------------------------------------------------------------------------------

Cactus version:    4.0.1
Compile date:      May 29 2012 (02:49:03)
Run date:          May 29 2012 (03:20:11-0500)
Run host:          numrel07.cct.lsu.edu (pid=18158)
Working directory: /home/jhar131/TESTING/einsteintoolkit/2012-05-29-020001/Cactus/TEST/sim/WaveToyC
Executable:        /home/jhar131/TESTING/einsteintoolkit/2012-05-29-020001/Cactus/exe/cactus_sim
Parameter file:    /home/jhar131/TESTING/einsteintoolkit/2012-05-29-020001/Cactus/arrangements/CactusWave/WaveToyC/test/wave_output.par
--------------------------------------------------------------------------------

Activating thorn Cactus...Success -> active implementation Cactus
Activation requested for 
--->boundary idscalarwavec time wavetoyc pugh PUGHReduce PUGHSlab CartGrid3D CoordBase SymBase ioutil iobasic localreduce IOASCII libjpeg<---
Activating thorn boundary...Success -> active implementation boundary
Activating thorn CartGrid3D...Success -> active implementation grid
Activating thorn CoordBase...Success -> active implementation CoordBase
Activating thorn idscalarwavec...Success -> active implementation idscalarwave
Activating thorn IOASCII...Success -> active implementation IOASCII
Activating thorn iobasic...Success -> active implementation IOBasic
Activating thorn ioutil...Success -> active implementation IO
Activating thorn libjpeg...Success -> active implementation libjpeg
Activating thorn localreduce...Success -> active implementation LocalReduce
Activating thorn pugh...Success -> active implementation Driver
Activating thorn PUGHReduce...Success -> active implementation Reduce
Activating thorn PUGHSlab...Success -> active implementation Hyperslab
Activating thorn SymBase...Success -> active implementation SymBase
Activating thorn time...Success -> active implementation time
Activating thorn wavetoyc...Success -> active implementation wavetoy
--------------------------------------------------------------------------------
  if (recover initial data)
    Recover parameters
  endif

  Startup routines
    [CCTK_STARTUP]
      CartGrid3D::SymmetryStartup: Register GH Extension for GridSymmetry
      CoordBase::CoordBase_Startup: Register a GH extension to store the coordinate system handles
      PUGH::Driver_Startup: Startup routine
      IOUtil::IOUtil_Startup: Startup routine
      IOASCII::IOASCII_Startup: Startup routine
      LocalReduce::LocalReduce_Startup: Startup routine
      IOBasic::IOBasic_Startup: Startup routine
      PUGH::PUGH_RegisterPUGHP2LRoutines: Register Physical to Logical process mapping routines
      PUGH::PUGH_RegisterPUGHTopologyRoutines: Register topology generation routines routines
      PUGHReduce::PUGHReduce_Startup: Startup routine
      SymBase::SymBase_Startup: Register GH Extension for SymBase
      WaveToyC::WaveToyC_Startup: Register banner

  Startup routines which need an existing grid hierarchy
    [CCTK_WRAGH]
      Boundary::Boundary_RegisterBCs: [global] Register boundary conditions that this thorn provides
      CartGrid3D::RegisterCartGrid3DCoords: [meta] Register coordinates for the Cartesian grid
      GROUP SymBase_Wrapper: Wrapper group for SymBase
        GROUP SymmetryRegister: Register your symmetries here
          CartGrid3D::RegisterSymmetryBoundaries: [meta] Register symmetry boundaries
        SymBase::SymBase_Statistics: Print symmetry boundary face descriptions
  Parameter checking routines
    [CCTK_PARAMCHECK]
      Boundary::Boundary_Check: Check dimension of grid variables
      CartGrid3D::ParamCheck_CartGrid3D: Check coordinates for CartGrid3D
      IDScalarWaveC::IDScalarWaveC_CheckParameters: Check parameters

  Initialisation
    if (NOT (recover initial data AND recovery_mode is 'strict'))
      [CCTK_PREREGRIDINITIAL]
      Set up grid hierarchy
      [CCTK_POSTREGRIDINITIAL]
        CartGrid3D::SpatialCoordinates: Set Coordinates after regridding
      [CCTK_BASEGRID]
        CartGrid3D::CartGrid3D_SetRanges: Set up ranges for spatial 3D Cartesian coordinates (on all grids)
        CartGrid3D::SpatialCoordinates: Set up spatial 3D Cartesian coordinates on the GH
        IOASCII::IOASCII_Choose1D: Choose 1D output lines
        IOASCII::IOASCII_Choose2D: Choose 2D output planes
        PUGH::PUGH_Report: Report on PUGH set up
        SymBase::SymBase_Check: Check whether the driver set up the grid consistently
        Time::Time_Initialise: [global] Initialise Time variables
        Time::Time_Simple: [singlemap] Set timestep based on Courant condition (courant_static)
        WaveToyC::WaveToyC_InitSymBound: [global] Schedule symmetries
      [CCTK_INITIAL]
        IDScalarWaveC::WaveToy_InitialData: Initial data for 3D wave equation
        IOBasic::IOBasic_Init: Initialisation routine
      [CCTK_POSTINITIAL]
      Initialise finer grids recursively
      Restrict from finer grids
      [CCTK_POSTRESTRICTINITIAL]
      [CCTK_POSTPOSTINITIAL]
      [CCTK_POSTSTEP]
    endif
    if (recover initial data)
      [CCTK_BASEGRID]
        CartGrid3D::CartGrid3D_SetRanges: Set up ranges for spatial 3D Cartesian coordinates (on all grids)
        CartGrid3D::SpatialCoordinates: Set up spatial 3D Cartesian coordinates on the GH
        IOASCII::IOASCII_Choose1D: Choose 1D output lines
        IOASCII::IOASCII_Choose2D: Choose 2D output planes
        PUGH::PUGH_Report: Report on PUGH set up
        SymBase::SymBase_Check: Check whether the driver set up the grid consistently
        Time::Time_Initialise: [global] Initialise Time variables
        Time::Time_Simple: [singlemap] Set timestep based on Courant condition (courant_static)
        WaveToyC::WaveToyC_InitSymBound: [global] Schedule symmetries
      [CCTK_RECOVER_VARIABLES]
      [CCTK_POST_RECOVER_VARIABLES]
    endif
    if (checkpoint initial data)
      [CCTK_CPINITIAL]
    endif
    if (analysis)
      [CCTK_ANALYSIS]
  endif
  Output grid variables

  do loop over timesteps
    [CCTK_PREREGRID]
    Change grid hierarchy
    [CCTK_POSTREGRID]
      CartGrid3D::SpatialCoordinates: Set Coordinates after regridding
    Rotate timelevels
    iteration = iteration+1
    t = t+dt
    [CCTK_PRESTEP]
    [CCTK_EVOL]
      WaveToyC::WaveToy_Evolution: Evolution of 3D wave equation
      WaveToyC::WaveToy_Boundaries: [level] Boundaries of 3D wave equation
      GROUP WaveToyC_ApplyBCs: Apply boundary conditions
        GROUP BoundaryConditions: Execute all boundary conditions
          Boundary::Boundary_ApplyPhysicalBCs: Apply all requested local physical boundary conditions
          CartGrid3D::CartGrid3D_ApplyBC: Apply symmetry boundary conditions
        Boundary::Boundary_ClearSelection: [level] Unselect all grid variables for boundary conditions
    Evolve finer grids recursively
    Restrict from finer grids
    [CCTK_POSTRESTRICT]
      WaveToyC::WaveToy_Boundaries: [level] Boundaries of 3D wave equation
      GROUP WaveToyC_ApplyBCs: Apply boundary conditions
        GROUP BoundaryConditions: Execute all boundary conditions
          Boundary::Boundary_ApplyPhysicalBCs: Apply all requested local physical boundary conditions
          CartGrid3D::CartGrid3D_ApplyBC: Apply symmetry boundary conditions
        Boundary::Boundary_ClearSelection: [level] Unselect all grid variables for boundary conditions
    [CCTK_POSTSTEP]
  if (checkpoint)
    [CCTK_CHECKPOINT]
  endif
  if (analysis)
    [CCTK_ANALYSIS]
  endif
  Output grid variables
  enddo

  Termination routines
    [CCTK_TERMINATE]
      PUGH::Driver_Terminate: Termination routine

  Shutdown routines
    [CCTK_SHUTDOWN]

  Routines run after changing the grid hierarchy:
    [CCTK_POSTREGRID]
      CartGrid3D::SpatialCoordinates: Set Coordinates after regridding
--------------------------------------------------------------------------------
INFO (PUGH): Using physical to logical mappings: direct
INFO (PUGH): Using topology generator: automatic
--------------------------------------------------------------------------------
Driver provided by PUGH
--------------------------------------------------------------------------------
WaveToyC: Evolutions of a Scalar Field
--------------------------------------------------------------------------------

INFO (PUGH): Not setting up a topology for 1 dimensions
INFO (PUGH): Not setting up a topology for 2 dimensions
INFO (PUGH): Setting up a topology for 3 dimensions
INFO (IOASCII): I/O Method 'IOASCII_1D' registered: output of 1D lines of grid functions/arrays to ASCII files
INFO (IOASCII): Periodic 1D output every 1 iterations
INFO (IOASCII): Periodic 1D output requested for 'WAVETOY::phi'
INFO (IOASCII): I/O Method 'IOASCII_2D' registered: output of 2D planes of grid functions/arrays to ASCII files
INFO (IOASCII): Periodic 2D output every 2 iterations
INFO (IOASCII): Periodic 2D output requested for 'WAVETOY::phi'
INFO (IOASCII): I/O Method 'IOASCII_3D' registered: output of 3D grid functions/arrays to ASCII files
INFO (IOASCII): Periodic 3D output every 2 iterations
INFO (IOASCII): Periodic 3D output requested for 'WAVETOY::phi'
INFO (IOBasic): I/O Method 'Scalar' registered: output of scalar quantities (grid scalars, reductions) to ASCII files
INFO (IOBasic): I/O Method 'Info' registered: output of scalar quantities (grid scalars, reductions) to screen
INFO (CartGrid3D): Grid Spacings:
INFO (CartGrid3D): dx=>5.2631579e-02  dy=>5.2631579e-02  dz=>5.2631579e-02
INFO (CartGrid3D): Computational Coordinates:
INFO (CartGrid3D): x=>[-0.500, 0.500]  y=>[-0.500, 0.500]  z=>[-0.500, 0.500]
INFO (CartGrid3D): Indices of Physical Coordinates:
INFO (CartGrid3D): x=>[0,19]  y=>[0,19]  z=>[0,19]
INFO (PUGH): MPI Evolution on 2 processors
INFO (PUGH): 3-dimensional grid functions
INFO (PUGH):   Size: 20 20 20
INFO (PUGH):   Processor topology: 2 x 1 x 1
INFO (PUGH):   Local load: 4400   [11 x 20 x 20]
INFO (PUGH):   Maximum load skew: 0.000000
INFO (Time): Timestep set to 0.0263158 (courant_static)
INFO (IOBasic): Periodic scalar output requested for 'WAVETOY::phi'
INFO (IOBasic): Periodic info output requested for 'WAVETOY::phi'
-------------------------------------------------
   it  |          | WAVETOY::phi                |
       |    t     | minimum      | maximum      |
-------------------------------------------------
     0 |    0.000 | 2.678637e-33 |   0.81240505 |
     1 |    0.026 |-9.045820e-09 |   0.69167172 |
     2 |    0.053 |  -0.00000011 |   0.36921689 |
--------------------------------------------------------------------------------
Done.
