/home/jhar131/TESTING/einsteintoolkit/2012-05-30-020001/Cactus/TEST/sim/Exact
--------------------------------------------------------------------------------

       10                                  
  1   0101       ************************  
  01  1010 10      The Cactus Code V4.0    
 1010 1101 011      www.cactuscode.org     
  1001 100101    ************************  
    00010101                               
     100011     (c) Copyright The Authors  
      0100      GNU Licensed. No Warranty  
      0101                                 

--------------------------------------------------------------------------------

Cactus version:    4.0.1
Compile date:      May 30 2012 (02:48:01)
Run date:          May 30 2012 (02:55:53-0500)
Run host:          numrel07.cct.lsu.edu (pid=26317)
Working directory: /home/jhar131/TESTING/einsteintoolkit/2012-05-30-020001/Cactus/TEST/sim/Exact
Executable:        /home/jhar131/TESTING/einsteintoolkit/2012-05-30-020001/Cactus/exe/cactus_sim
Parameter file:    /home/jhar131/TESTING/einsteintoolkit/2012-05-30-020001/Cactus/arrangements/EinsteinInitialData/Exact/test/de_Sitter.par
--------------------------------------------------------------------------------

Activating thorn Cactus...Success -> active implementation Cactus
Activation requested for 
--->CartGrid3D CoordBase SymBase Boundary Time   PUGH PUGHReduce PUGHSlab   IOAscii IOUtil IOBasic LocalReduce   ADMBase ADMMacros ADMConstraints ADMCoupling StaticConformal CoordGauge SpaceMask  ReflectionSymmetry Exact<---
Activating thorn ADMBase...Success -> active implementation ADMBase
Activating thorn ADMConstraints...Success -> active implementation admconstraints
Activating thorn ADMCoupling...Success -> active implementation ADMCoupling
Activating thorn ADMMacros...Success -> active implementation ADMMacros
Activating thorn Boundary...Success -> active implementation boundary
Activating thorn CartGrid3D...Success -> active implementation grid
Activating thorn CoordBase...Success -> active implementation CoordBase
Activating thorn CoordGauge...Success -> active implementation CoordGauge
Activating thorn Exact...Success -> active implementation exact
Activating thorn IOAscii...Success -> active implementation IOASCII
Activating thorn IOBasic...Success -> active implementation IOBasic
Activating thorn IOUtil...Success -> active implementation IO
Activating thorn LocalReduce...Success -> active implementation LocalReduce
Activating thorn PUGH...Success -> active implementation Driver
Activating thorn PUGHReduce...Success -> active implementation Reduce
Activating thorn PUGHSlab...Success -> active implementation Hyperslab
Activating thorn ReflectionSymmetry...Success -> active implementation ReflectionSymmetry
Activating thorn SpaceMask...Success -> active implementation SpaceMask
Activating thorn StaticConformal...Success -> active implementation StaticConformal
Activating thorn SymBase...Success -> active implementation SymBase
Activating thorn Time...Success -> active implementation time
--------------------------------------------------------------------------------
  if (recover initial data)
    Recover parameters
  endif

  Startup routines
    [CCTK_STARTUP]
      CartGrid3D::SymmetryStartup: Register GH Extension for GridSymmetry
      CoordBase::CoordBase_Startup: Register a GH extension to store the coordinate system handles
      Exact::Exact__RegisterSlicing: [global] Register slicings
      PUGH::Driver_Startup: Startup routine
      IOUtil::IOUtil_Startup: Startup routine
      IOASCII::IOASCII_Startup: Startup routine
      LocalReduce::LocalReduce_Startup: Startup routine
      IOBasic::IOBasic_Startup: Startup routine
      PUGH::PUGH_RegisterPUGHP2LRoutines: Register Physical to Logical process mapping routines
      PUGH::PUGH_RegisterPUGHTopologyRoutines: Register topology generation routines routines
      PUGHReduce::PUGHReduce_Startup: Startup routine
      SymBase::SymBase_Startup: Register GH Extension for SymBase

  Startup routines which need an existing grid hierarchy
    [CCTK_WRAGH]
      ADMBase::Einstein_InitSymBound: [global] Set up GF symmetries
      ADMConstraints::ADMConstraint_InitSymBound: [global] Register GF symmetries for ADM Constraints
      Boundary::Boundary_RegisterBCs: [global] Register boundary conditions that this thorn provides
      CartGrid3D::RegisterCartGrid3DCoords: [meta] Register coordinates for the Cartesian grid
      CoordGauge::Einstein_ActivateSlicing: Initialize slicing, setup priorities for mixed slicings
      CoordGauge::Einstein_SetNextSlicing: Identify the slicing for the next iteration
      GROUP SymBase_Wrapper: Wrapper group for SymBase
        GROUP SymmetryRegister: Register your symmetries here
          CartGrid3D::RegisterSymmetryBoundaries: [meta] Register symmetry boundaries
          ReflectionSymmetry::ReflectionSymmetry_Register: Register reflection symmetry boundaries
        SymBase::SymBase_Statistics: Print symmetry boundary face descriptions
  Parameter checking routines
    [CCTK_PARAMCHECK]
      ADMBase::ADMBase_ParamCheck: [global] Check consistency of parameters
      ADMConstraints::ADMConstraints_ParamCheck: [global] Check that we can deal with this metric_type and have enough conformal derivatives
      Boundary::Boundary_Check: Check dimension of grid variables
      CartGrid3D::ParamCheck_CartGrid3D: Check coordinates for CartGrid3D
      Exact::Exact_ParamCheck: [global] do consistency checks on our parameters

  Initialisation
    if (NOT (recover initial data AND recovery_mode is 'strict'))
      [CCTK_PREREGRIDINITIAL]
      Set up grid hierarchy
      [CCTK_POSTREGRIDINITIAL]
        CartGrid3D::SpatialCoordinates: Set Coordinates after regridding
      [CCTK_BASEGRID]
        ADMBase::ADMBase_SetShiftStateOn: Set the shift_state variable to 1
        ADMBase::ADMBase_SetDtLapseStateOff: Set the dtlapse_state variable to 0
        ADMBase::ADMBase_SetDtShiftStateOff: Set the dtshift_state variable to 0
        ADMMacros::ADMMacros_SetLocalSpatialOrder: Initialize the local_spatial_order
        CartGrid3D::CartGrid3D_SetRanges: Set up ranges for spatial 3D Cartesian coordinates (on all grids)
        CartGrid3D::SpatialCoordinates: Set up spatial 3D Cartesian coordinates on the GH
        IOASCII::IOASCII_Choose1D: Choose 1D output lines
        IOASCII::IOASCII_Choose2D: Choose 2D output planes
        PUGH::PUGH_Report: Report on PUGH set up
        SymBase::SymBase_Check: Check whether the driver set up the grid consistently
        Time::Time_Initialise: [global] Initialise Time variables
        Time::Time_Simple: [singlemap] Set timestep based on Courant condition (courant_static)
      [CCTK_INITIAL]
        StaticConformal::StaticConformal_InitialiseState: Set the conformal_state variable to 0
        GROUP ADMBase_InitialData: Schedule group for calculating ADM initial data
          Exact::Exact__decode_pars: decode/copy thorn Exact parameters into grid scalars
          Exact::Exact__initialize: Set initial data from exact solution on a trivial slice
        GROUP ADMBase_InitialGauge: Schedule group for the ADM initial gauge condition
          ADMBase::ADMBase_LapseOne: Set the lapse to 1 at all points
          Exact::Exact__gauge: Set initial lapse and/or shift from exact solution on a trivial slice
        IOBasic::IOBasic_Init: Initialisation routine
        GROUP ADMBase_PostInitial: Schedule group for modifying the ADM initial data, such as e.g. adding noise
      [CCTK_POSTINITIAL]
        ADMConstraints::ADMConstraints_ConformalCheck: Set conformal_state to 0 for physical, or check that it is at least 3
      Initialise finer grids recursively
      Restrict from finer grids
      [CCTK_POSTRESTRICTINITIAL]
      [CCTK_POSTPOSTINITIAL]
      [CCTK_POSTSTEP]
    endif
    if (recover initial data)
      [CCTK_BASEGRID]
        ADMBase::ADMBase_SetShiftStateOn: Set the shift_state variable to 1
        ADMBase::ADMBase_SetDtLapseStateOff: Set the dtlapse_state variable to 0
        ADMBase::ADMBase_SetDtShiftStateOff: Set the dtshift_state variable to 0
        ADMMacros::ADMMacros_SetLocalSpatialOrder: Initialize the local_spatial_order
        CartGrid3D::CartGrid3D_SetRanges: Set up ranges for spatial 3D Cartesian coordinates (on all grids)
        CartGrid3D::SpatialCoordinates: Set up spatial 3D Cartesian coordinates on the GH
        IOASCII::IOASCII_Choose1D: Choose 1D output lines
        IOASCII::IOASCII_Choose2D: Choose 2D output planes
        PUGH::PUGH_Report: Report on PUGH set up
        SymBase::SymBase_Check: Check whether the driver set up the grid consistently
        Time::Time_Initialise: [global] Initialise Time variables
        Time::Time_Simple: [singlemap] Set timestep based on Courant condition (courant_static)
      [CCTK_RECOVER_VARIABLES]
      [CCTK_POST_RECOVER_VARIABLES]
    endif
    if (checkpoint initial data)
      [CCTK_CPINITIAL]
    endif
    if (analysis)
      [CCTK_ANALYSIS]
        GROUP ADMConstraintsGroup: Evaluate ADM constraints, and perform symmetry boundary conditions
          ADMConstraints::ADMConstraints: Evaluate ADM constraints
          GROUP ADMConstraintsBoundariesGroup: Set ADM constraints on the boundary
            ADMConstraints::ADMConstraints_Boundaries: [level] Select boundary conditions for the ADM constraints
            GROUP ADMConstraints_ApplyBCs: Apply boundary conditions to the ADM constraints
              GROUP BoundaryConditions: Execute all boundary conditions
                Boundary::Boundary_ApplyPhysicalBCs: Apply all requested local physical boundary conditions
                CartGrid3D::CartGrid3D_ApplyBC: Apply symmetry boundary conditions
                ReflectionSymmetry::ReflectionSymmetry_Apply: Apply reflection symmetries
              Boundary::Boundary_ClearSelection: [level] Unselect all grid variables for boundary conditions
  endif
  Output grid variables

  do loop over timesteps
    [CCTK_PREREGRID]
    Change grid hierarchy
    [CCTK_POSTREGRID]
      CartGrid3D::SpatialCoordinates: Set Coordinates after regridding
    Rotate timelevels
    iteration = iteration+1
    t = t+dt
    [CCTK_PRESTEP]
      CoordGauge::Einstein_SetNextSlicing: Identify the slicing for the next iteration
      Exact::Exact__gauge: Set evolution lapse and/or shift from exact solution on a trivial slice
      Exact::Exact__initialize: Set data from exact solution on an exact slice
    [CCTK_EVOL]
    Evolve finer grids recursively
    Restrict from finer grids
    [CCTK_POSTRESTRICT]
    [CCTK_POSTSTEP]
  if (checkpoint)
    [CCTK_CHECKPOINT]
  endif
  if (analysis)
    [CCTK_ANALYSIS]
      GROUP ADMConstraintsGroup: Evaluate ADM constraints, and perform symmetry boundary conditions
        ADMConstraints::ADMConstraints: Evaluate ADM constraints
        GROUP ADMConstraintsBoundariesGroup: Set ADM constraints on the boundary
          ADMConstraints::ADMConstraints_Boundaries: [level] Select boundary conditions for the ADM constraints
          GROUP ADMConstraints_ApplyBCs: Apply boundary conditions to the ADM constraints
            GROUP BoundaryConditions: Execute all boundary conditions
              Boundary::Boundary_ApplyPhysicalBCs: Apply all requested local physical boundary conditions
              CartGrid3D::CartGrid3D_ApplyBC: Apply symmetry boundary conditions
              ReflectionSymmetry::ReflectionSymmetry_Apply: Apply reflection symmetries
            Boundary::Boundary_ClearSelection: [level] Unselect all grid variables for boundary conditions
  endif
  Output grid variables
  enddo

  Termination routines
    [CCTK_TERMINATE]
      PUGH::Driver_Terminate: Termination routine

  Shutdown routines
    [CCTK_SHUTDOWN]

  Routines run after changing the grid hierarchy:
    [CCTK_POSTREGRID]
      CartGrid3D::SpatialCoordinates: Set Coordinates after regridding
--------------------------------------------------------------------------------
INFO (PUGH): Using physical to logical mappings: direct
INFO (PUGH): Using topology generator: automatic
--------------------------------------------------------------------------------
Driver provided by PUGH
--------------------------------------------------------------------------------

INFO (PUGH): Not setting up a topology for 1 dimensions
INFO (PUGH): Not setting up a topology for 2 dimensions
INFO (PUGH): Setting up a topology for 3 dimensions
INFO (IOASCII): I/O Method 'IOASCII_1D' registered: output of 1D lines of grid functions/arrays to ASCII files
INFO (IOASCII): Periodic 1D output every 1 iterations
INFO (IOASCII): Periodic 1D output requested for 'ADMBASE::gxx', 'ADMBASE::gyy', 'ADMBASE::gzz', 'ADMBASE::alp', 'ADMCONSTRAINTS::ham'
INFO (IOASCII): I/O Method 'IOASCII_2D' registered: output of 2D planes of grid functions/arrays to ASCII files
INFO (IOASCII): Periodic 2D output turned off
INFO (IOASCII): I/O Method 'IOASCII_3D' registered: output of 3D grid functions/arrays to ASCII files
INFO (IOASCII): Periodic 3D output turned off
INFO (IOBasic): I/O Method 'Scalar' registered: output of scalar quantities (grid scalars, reductions) to ASCII files
INFO (IOBasic): I/O Method 'Info' registered: output of scalar quantities (grid scalars, reductions) to screen
INFO (SymBase): Symmetry on lower x-face: reflection_symmetry
INFO (SymBase): Symmetry on lower y-face: reflection_symmetry
INFO (SymBase): Symmetry on lower z-face: reflection_symmetry
INFO (ADMMacros): Spatial finite differencing order: 2
INFO (CartGrid3D): Grid Spacings:
INFO (CartGrid3D): dx=>1.2500000e-01  dy=>7.8500000e-01  dz=>7.8500000e-01
INFO (CartGrid3D): Computational Coordinates:
INFO (CartGrid3D): x=>[-0.125, 1.000]  y=>[-0.785, 6.280]  z=>[-0.785, 6.280]
INFO (CartGrid3D): Indices of Physical Coordinates:
INFO (CartGrid3D): x=>[0,9]  y=>[0,9]  z=>[0,9]
INFO (PUGH): MPI Evolution on 1 processors
INFO (PUGH): 3-dimensional grid functions
INFO (PUGH):   Size: 10 10 10
INFO (PUGH):   Processor topology: 1 x 1 x 1
INFO (PUGH):   Local load: 1000   [10 x 10 x 10]
INFO (PUGH):   Maximum load skew: 0.000000
INFO (Time): Timestep set to 0.03125 (courant_static)
INFO (Exact): setting exact data on slice
INFO (IOBasic): Periodic scalar output requested for 'ADMBASE::gxx', 'ADMBASE::gyy', 'ADMBASE::gzz', 'ADMBASE::alp', 'ADMCONSTRAINTS::ham'
INFO (IOBasic): Periodic info output requested for 'ADMCONSTRAINTS::ham'
-------------------------------------------------
   it  |          | ADMCONSTRAINTS::ham         |
       |    t     | minimum      | maximum      |
-------------------------------------------------
     0 |    1.000 |-3.647433e-10 |-3.647433e-10 |
INFO (Exact): setting exact data on slice
     1 |    1.031 |-4.102447e-10 |-4.102447e-10 |
INFO (Exact): setting exact data on slice
     2 |    1.062 |-3.983254e-10 |-3.983254e-10 |
INFO (Exact): setting exact data on slice
     3 |    1.094 |-1.213789e-10 |-1.213789e-10 |
--------------------------------------------------------------------------------
Done.
